Determining if the CL_VERSION_3_0 exist failed with the following output:
Change Dir: /Users/charleston/Documents/Brown/Courses/Computer Graphics/final_project_playground/build/build-final_project_playground-Qt_6_5_2_for_macOS-Release/CMakeFiles/CMakeTmp

Run Build Command(s):/Users/charleston/Qt/Tools/Ninja/ninja cmTC_7c977 && [1/2] Building C object CMakeFiles/cmTC_7c977.dir/CheckSymbolExists.c.o
FAILED: CMakeFiles/cmTC_7c977.dir/CheckSymbolExists.c.o 
/usr/bin/clang  -F/Library/Developer/CommandLineTools/SDKs/MacOSX14.0.sdk/System/Library/Frameworks -isysroot /Library/Developer/CommandLineTools/SDKs/MacOSX14.0.sdk -mmacosx-version-min=13.5 -MD -MT CMakeFiles/cmTC_7c977.dir/CheckSymbolExists.c.o -MF CMakeFiles/cmTC_7c977.dir/CheckSymbolExists.c.o.d -o CMakeFiles/cmTC_7c977.dir/CheckSymbolExists.c.o -c '/Users/charleston/Documents/Brown/Courses/Computer Graphics/final_project_playground/build/build-final_project_playground-Qt_6_5_2_for_macOS-Release/CMakeFiles/CMakeTmp/CheckSymbolExists.c'
/Users/charleston/Documents/Brown/Courses/Computer Graphics/final_project_playground/build/build-final_project_playground-Qt_6_5_2_for_macOS-Release/CMakeFiles/CMakeTmp/CheckSymbolExists.c:8:19: error: use of undeclared identifier 'CL_VERSION_3_0'
  return ((int*)(&CL_VERSION_3_0))[argc];
                  ^
1 error generated.
ninja: build stopped: subcommand failed.


File /Users/charleston/Documents/Brown/Courses/Computer Graphics/final_project_playground/build/build-final_project_playground-Qt_6_5_2_for_macOS-Release/CMakeFiles/CMakeTmp/CheckSymbolExists.c:
/* */
#include </Library/Developer/CommandLineTools/SDKs/MacOSX14.0.sdk/System/Library/Frameworks/OpenCL.framework/Headers/cl.h>

int main(int argc, char** argv)
{
  (void)argv;
#ifndef CL_VERSION_3_0
  return ((int*)(&CL_VERSION_3_0))[argc];
#else
  (void)argc;
  return 0;
#endif
}
Determining if the CL_VERSION_2_2 exist failed with the following output:
Change Dir: /Users/charleston/Documents/Brown/Courses/Computer Graphics/final_project_playground/build/build-final_project_playground-Qt_6_5_2_for_macOS-Release/CMakeFiles/CMakeTmp

Run Build Command(s):/Users/charleston/Qt/Tools/Ninja/ninja cmTC_1eb1c && [1/2] Building C object CMakeFiles/cmTC_1eb1c.dir/CheckSymbolExists.c.o
FAILED: CMakeFiles/cmTC_1eb1c.dir/CheckSymbolExists.c.o 
/usr/bin/clang  -F/Library/Developer/CommandLineTools/SDKs/MacOSX14.0.sdk/System/Library/Frameworks -isysroot /Library/Developer/CommandLineTools/SDKs/MacOSX14.0.sdk -mmacosx-version-min=13.5 -MD -MT CMakeFiles/cmTC_1eb1c.dir/CheckSymbolExists.c.o -MF CMakeFiles/cmTC_1eb1c.dir/CheckSymbolExists.c.o.d -o CMakeFiles/cmTC_1eb1c.dir/CheckSymbolExists.c.o -c '/Users/charleston/Documents/Brown/Courses/Computer Graphics/final_project_playground/build/build-final_project_playground-Qt_6_5_2_for_macOS-Release/CMakeFiles/CMakeTmp/CheckSymbolExists.c'
/Users/charleston/Documents/Brown/Courses/Computer Graphics/final_project_playground/build/build-final_project_playground-Qt_6_5_2_for_macOS-Release/CMakeFiles/CMakeTmp/CheckSymbolExists.c:8:19: error: use of undeclared identifier 'CL_VERSION_2_2'
  return ((int*)(&CL_VERSION_2_2))[argc];
                  ^
1 error generated.
ninja: build stopped: subcommand failed.


File /Users/charleston/Documents/Brown/Courses/Computer Graphics/final_project_playground/build/build-final_project_playground-Qt_6_5_2_for_macOS-Release/CMakeFiles/CMakeTmp/CheckSymbolExists.c:
/* */
#include </Library/Developer/CommandLineTools/SDKs/MacOSX14.0.sdk/System/Library/Frameworks/OpenCL.framework/Headers/cl.h>

int main(int argc, char** argv)
{
  (void)argv;
#ifndef CL_VERSION_2_2
  return ((int*)(&CL_VERSION_2_2))[argc];
#else
  (void)argc;
  return 0;
#endif
}
Determining if the CL_VERSION_2_1 exist failed with the following output:
Change Dir: /Users/charleston/Documents/Brown/Courses/Computer Graphics/final_project_playground/build/build-final_project_playground-Qt_6_5_2_for_macOS-Release/CMakeFiles/CMakeTmp

Run Build Command(s):/Users/charleston/Qt/Tools/Ninja/ninja cmTC_5712f && [1/2] Building C object CMakeFiles/cmTC_5712f.dir/CheckSymbolExists.c.o
FAILED: CMakeFiles/cmTC_5712f.dir/CheckSymbolExists.c.o 
/usr/bin/clang  -F/Library/Developer/CommandLineTools/SDKs/MacOSX14.0.sdk/System/Library/Frameworks -isysroot /Library/Developer/CommandLineTools/SDKs/MacOSX14.0.sdk -mmacosx-version-min=13.5 -MD -MT CMakeFiles/cmTC_5712f.dir/CheckSymbolExists.c.o -MF CMakeFiles/cmTC_5712f.dir/CheckSymbolExists.c.o.d -o CMakeFiles/cmTC_5712f.dir/CheckSymbolExists.c.o -c '/Users/charleston/Documents/Brown/Courses/Computer Graphics/final_project_playground/build/build-final_project_playground-Qt_6_5_2_for_macOS-Release/CMakeFiles/CMakeTmp/CheckSymbolExists.c'
/Users/charleston/Documents/Brown/Courses/Computer Graphics/final_project_playground/build/build-final_project_playground-Qt_6_5_2_for_macOS-Release/CMakeFiles/CMakeTmp/CheckSymbolExists.c:8:19: error: use of undeclared identifier 'CL_VERSION_2_1'
  return ((int*)(&CL_VERSION_2_1))[argc];
                  ^
1 error generated.
ninja: build stopped: subcommand failed.


File /Users/charleston/Documents/Brown/Courses/Computer Graphics/final_project_playground/build/build-final_project_playground-Qt_6_5_2_for_macOS-Release/CMakeFiles/CMakeTmp/CheckSymbolExists.c:
/* */
#include </Library/Developer/CommandLineTools/SDKs/MacOSX14.0.sdk/System/Library/Frameworks/OpenCL.framework/Headers/cl.h>

int main(int argc, char** argv)
{
  (void)argv;
#ifndef CL_VERSION_2_1
  return ((int*)(&CL_VERSION_2_1))[argc];
#else
  (void)argc;
  return 0;
#endif
}
Determining if the CL_VERSION_2_0 exist failed with the following output:
Change Dir: /Users/charleston/Documents/Brown/Courses/Computer Graphics/final_project_playground/build/build-final_project_playground-Qt_6_5_2_for_macOS-Release/CMakeFiles/CMakeTmp

Run Build Command(s):/Users/charleston/Qt/Tools/Ninja/ninja cmTC_f9090 && [1/2] Building C object CMakeFiles/cmTC_f9090.dir/CheckSymbolExists.c.o
FAILED: CMakeFiles/cmTC_f9090.dir/CheckSymbolExists.c.o 
/usr/bin/clang  -F/Library/Developer/CommandLineTools/SDKs/MacOSX14.0.sdk/System/Library/Frameworks -isysroot /Library/Developer/CommandLineTools/SDKs/MacOSX14.0.sdk -mmacosx-version-min=13.5 -MD -MT CMakeFiles/cmTC_f9090.dir/CheckSymbolExists.c.o -MF CMakeFiles/cmTC_f9090.dir/CheckSymbolExists.c.o.d -o CMakeFiles/cmTC_f9090.dir/CheckSymbolExists.c.o -c '/Users/charleston/Documents/Brown/Courses/Computer Graphics/final_project_playground/build/build-final_project_playground-Qt_6_5_2_for_macOS-Release/CMakeFiles/CMakeTmp/CheckSymbolExists.c'
/Users/charleston/Documents/Brown/Courses/Computer Graphics/final_project_playground/build/build-final_project_playground-Qt_6_5_2_for_macOS-Release/CMakeFiles/CMakeTmp/CheckSymbolExists.c:8:19: error: use of undeclared identifier 'CL_VERSION_2_0'
  return ((int*)(&CL_VERSION_2_0))[argc];
                  ^
1 error generated.
ninja: build stopped: subcommand failed.


File /Users/charleston/Documents/Brown/Courses/Computer Graphics/final_project_playground/build/build-final_project_playground-Qt_6_5_2_for_macOS-Release/CMakeFiles/CMakeTmp/CheckSymbolExists.c:
/* */
#include </Library/Developer/CommandLineTools/SDKs/MacOSX14.0.sdk/System/Library/Frameworks/OpenCL.framework/Headers/cl.h>

int main(int argc, char** argv)
{
  (void)argv;
#ifndef CL_VERSION_2_0
  return ((int*)(&CL_VERSION_2_0))[argc];
#else
  (void)argc;
  return 0;
#endif
}
