The target system is: iOS -  - 
The host system is: Darwin - 22.6.0 - arm64
The target system is: iOS -  - 
The host system is: Darwin - 22.6.0 - arm64
Compiling the CXX compiler identification source file "CMakeCXXCompilerId.cpp" succeeded.
Compiler: /Applications/Xcode.app/Contents/Developer/Toolchains/XcodeDefault.xctoolchain/usr/bin/clang++ 
Build flags: -DQT_QML_DEBUG
Id flags:  

The output was:
0
Command line invocation:
    /Applications/Xcode.app/Contents/Developer/usr/bin/xcodebuild

User defaults from command line:
    IDEPackageSupportUseBuiltinSCM = YES

ComputeTargetDependencyGraph
warning: Building targets in manual order is deprecated - check "Parallelize build for command-line builds" in the project editor, or set DISABLE_MANUAL_TARGET_ORDER_BUILD_WARNING in any of the targets in the current build to suppress this warning
note: Target dependency graph (1 target)
    Target 'CompilerIdCXX' in project 'CompilerIdCXX' (no dependencies)

GatherProvisioningInputs

CreateBuildDescription
Build description signature: e0796e14797180270183f720bc49a3be
Build description path: /Users/wangbing000317/Desktop/cs1230/CSCI1230_Final_Project/build/build-CSCI1230_Final_Project-Qt_6_5_2_for_iOS_Simulator/CMakeFiles/3.24.2/CompilerIdCXX/./XCBuildData/e0796e14797180270183f720bc49a3be.xcbuilddata

CreateBuildDirectory /Users/wangbing000317/Desktop/cs1230/CSCI1230_Final_Project/build/build-CSCI1230_Final_Project-Qt_6_5_2_for_iOS_Simulator/CMakeFiles/3.24.2/CompilerIdCXX
    cd /Users/wangbing000317/Desktop/cs1230/CSCI1230_Final_Project/build/build-CSCI1230_Final_Project-Qt_6_5_2_for_iOS_Simulator/CMakeFiles/3.24.2/CompilerIdCXX/CompilerIdCXX.xcodeproj
    builtin-create-build-directory /Users/wangbing000317/Desktop/cs1230/CSCI1230_Final_Project/build/build-CSCI1230_Final_Project-Qt_6_5_2_for_iOS_Simulator/CMakeFiles/3.24.2/CompilerIdCXX

ClangStatCache /Applications/Xcode.app/Contents/Developer/Toolchains/XcodeDefault.xctoolchain/usr/bin/clang-stat-cache /Applications/Xcode.app/Contents/Developer/Platforms/iPhoneSimulator.platform/Developer/SDKs/iPhoneSimulator17.0.sdk /var/folders/wl/ppqzxgj14p746r287xf9xggm0000gp/C/com.apple.DeveloperTools/15.0.1-15A507/Xcode/SDKStatCaches.noindex/iphonesimulator17.0-21A326-9f995cea1212cde75317d7d3cd2045e2.sdkstatcache
    cd /Users/wangbing000317/Desktop/cs1230/CSCI1230_Final_Project/build/build-CSCI1230_Final_Project-Qt_6_5_2_for_iOS_Simulator/CMakeFiles/3.24.2/CompilerIdCXX/CompilerIdCXX.xcodeproj
    /Applications/Xcode.app/Contents/Developer/Toolchains/XcodeDefault.xctoolchain/usr/bin/clang-stat-cache /Applications/Xcode.app/Contents/Developer/Platforms/iPhoneSimulator.platform/Developer/SDKs/iPhoneSimulator17.0.sdk -o /var/folders/wl/ppqzxgj14p746r287xf9xggm0000gp/C/com.apple.DeveloperTools/15.0.1-15A507/Xcode/SDKStatCaches.noindex/iphonesimulator17.0-21A326-9f995cea1212cde75317d7d3cd2045e2.sdkstatcache

CreateBuildDirectory /Users/wangbing000317/Desktop/cs1230/CSCI1230_Final_Project/build/build-CSCI1230_Final_Project-Qt_6_5_2_for_iOS_Simulator/CMakeFiles/3.24.2/CompilerIdCXX/EagerLinkingTBDs/Debug-iphonesimulator
    cd /Users/wangbing000317/Desktop/cs1230/CSCI1230_Final_Project/build/build-CSCI1230_Final_Project-Qt_6_5_2_for_iOS_Simulator/CMakeFiles/3.24.2/CompilerIdCXX/CompilerIdCXX.xcodeproj
    builtin-create-build-directory /Users/wangbing000317/Desktop/cs1230/CSCI1230_Final_Project/build/build-CSCI1230_Final_Project-Qt_6_5_2_for_iOS_Simulator/CMakeFiles/3.24.2/CompilerIdCXX/EagerLinkingTBDs/Debug-iphonesimulator

MkDir /Users/wangbing000317/Desktop/cs1230/CSCI1230_Final_Project/build/build-CSCI1230_Final_Project-Qt_6_5_2_for_iOS_Simulator/CMakeFiles/3.24.2/CompilerIdCXX/CompilerIdCXX.xctest (in target 'CompilerIdCXX' from project 'CompilerIdCXX')
    cd /Users/wangbing000317/Desktop/cs1230/CSCI1230_Final_Project/build/build-CSCI1230_Final_Project-Qt_6_5_2_for_iOS_Simulator/CMakeFiles/3.24.2/CompilerIdCXX
    /bin/mkdir -p /Users/wangbing000317/Desktop/cs1230/CSCI1230_Final_Project/build/build-CSCI1230_Final_Project-Qt_6_5_2_for_iOS_Simulator/CMakeFiles/3.24.2/CompilerIdCXX/CompilerIdCXX.xctest

WriteAuxiliaryFile /Users/wangbing000317/Desktop/cs1230/CSCI1230_Final_Project/build/build-CSCI1230_Final_Project-Qt_6_5_2_for_iOS_Simulator/CMakeFiles/3.24.2/CompilerIdCXX/CompilerIdCXX.build/Debug-iphonesimulator/CompilerIdCXX.build/CompilerIdCXX.hmap (in target 'CompilerIdCXX' from project 'CompilerIdCXX')
    cd /Users/wangbing000317/Desktop/cs1230/CSCI1230_Final_Project/build/build-CSCI1230_Final_Project-Qt_6_5_2_for_iOS_Simulator/CMakeFiles/3.24.2/CompilerIdCXX
    write-file /Users/wangbing000317/Desktop/cs1230/CSCI1230_Final_Project/build/build-CSCI1230_Final_Project-Qt_6_5_2_for_iOS_Simulator/CMakeFiles/3.24.2/CompilerIdCXX/CompilerIdCXX.build/Debug-iphonesimulator/CompilerIdCXX.build/CompilerIdCXX.hmap

WriteAuxiliaryFile /Users/wangbing000317/Desktop/cs1230/CSCI1230_Final_Project/build/build-CSCI1230_Final_Project-Qt_6_5_2_for_iOS_Simulator/CMakeFiles/3.24.2/CompilerIdCXX/CompilerIdCXX.build/Debug-iphonesimulator/CompilerIdCXX.build/all-product-headers.yaml (in target 'CompilerIdCXX' from project 'CompilerIdCXX')
    cd /Users/wangbing000317/Desktop/cs1230/CSCI1230_Final_Project/build/build-CSCI1230_Final_Project-Qt_6_5_2_for_iOS_Simulator/CMakeFiles/3.24.2/CompilerIdCXX
    write-file /Users/wangbing000317/Desktop/cs1230/CSCI1230_Final_Project/build/build-CSCI1230_Final_Project-Qt_6_5_2_for_iOS_Simulator/CMakeFiles/3.24.2/CompilerIdCXX/CompilerIdCXX.build/Debug-iphonesimulator/CompilerIdCXX.build/all-product-headers.yaml

WriteAuxiliaryFile /Users/wangbing000317/Desktop/cs1230/CSCI1230_Final_Project/build/build-CSCI1230_Final_Project-Qt_6_5_2_for_iOS_Simulator/CMakeFiles/3.24.2/CompilerIdCXX/CompilerIdCXX.build/Debug-iphonesimulator/CompilerIdCXX.build/CompilerIdCXX-project-headers.hmap (in target 'CompilerIdCXX' from project 'CompilerIdCXX')
    cd /Users/wangbing000317/Desktop/cs1230/CSCI1230_Final_Project/build/build-CSCI1230_Final_Project-Qt_6_5_2_for_iOS_Simulator/CMakeFiles/3.24.2/CompilerIdCXX
    write-file /Users/wangbing000317/Desktop/cs1230/CSCI1230_Final_Project/build/build-CSCI1230_Final_Project-Qt_6_5_2_for_iOS_Simulator/CMakeFiles/3.24.2/CompilerIdCXX/CompilerIdCXX.build/Debug-iphonesimulator/CompilerIdCXX.build/CompilerIdCXX-project-headers.hmap

WriteAuxiliaryFile /Users/wangbing000317/Desktop/cs1230/CSCI1230_Final_Project/build/build-CSCI1230_Final_Project-Qt_6_5_2_for_iOS_Simulator/CMakeFiles/3.24.2/CompilerIdCXX/CompilerIdCXX.build/Debug-iphonesimulator/CompilerIdCXX.build/CompilerIdCXX-own-target-headers.hmap (in target 'CompilerIdCXX' from project 'CompilerIdCXX')
    cd /Users/wangbing000317/Desktop/cs1230/CSCI1230_Final_Project/build/build-CSCI1230_Final_Project-Qt_6_5_2_for_iOS_Simulator/CMakeFiles/3.24.2/CompilerIdCXX
    write-file /Users/wangbing000317/Desktop/cs1230/CSCI1230_Final_Project/build/build-CSCI1230_Final_Project-Qt_6_5_2_for_iOS_Simulator/CMakeFiles/3.24.2/CompilerIdCXX/CompilerIdCXX.build/Debug-iphonesimulator/CompilerIdCXX.build/CompilerIdCXX-own-target-headers.hmap

WriteAuxiliaryFile /Users/wangbing000317/Desktop/cs1230/CSCI1230_Final_Project/build/build-CSCI1230_Final_Project-Qt_6_5_2_for_iOS_Simulator/CMakeFiles/3.24.2/CompilerIdCXX/CompilerIdCXX.build/Debug-iphonesimulator/CompilerIdCXX.build/CompilerIdCXX-generated-files.hmap (in target 'CompilerIdCXX' from project 'CompilerIdCXX')
    cd /Users/wangbing000317/Desktop/cs1230/CSCI1230_Final_Project/build/build-CSCI1230_Final_Project-Qt_6_5_2_for_iOS_Simulator/CMakeFiles/3.24.2/CompilerIdCXX
    write-file /Users/wangbing000317/Desktop/cs1230/CSCI1230_Final_Project/build/build-CSCI1230_Final_Project-Qt_6_5_2_for_iOS_Simulator/CMakeFiles/3.24.2/CompilerIdCXX/CompilerIdCXX.build/Debug-iphonesimulator/CompilerIdCXX.build/CompilerIdCXX-generated-files.hmap

WriteAuxiliaryFile /Users/wangbing000317/Desktop/cs1230/CSCI1230_Final_Project/build/build-CSCI1230_Final_Project-Qt_6_5_2_for_iOS_Simulator/CMakeFiles/3.24.2/CompilerIdCXX/CompilerIdCXX.build/Debug-iphonesimulator/CompilerIdCXX.build/CompilerIdCXX-all-target-headers.hmap (in target 'CompilerIdCXX' from project 'CompilerIdCXX')
    cd /Users/wangbing000317/Desktop/cs1230/CSCI1230_Final_Project/build/build-CSCI1230_Final_Project-Qt_6_5_2_for_iOS_Simulator/CMakeFiles/3.24.2/CompilerIdCXX
    write-file /Users/wangbing000317/Desktop/cs1230/CSCI1230_Final_Project/build/build-CSCI1230_Final_Project-Qt_6_5_2_for_iOS_Simulator/CMakeFiles/3.24.2/CompilerIdCXX/CompilerIdCXX.build/Debug-iphonesimulator/CompilerIdCXX.build/CompilerIdCXX-all-target-headers.hmap

WriteAuxiliaryFile /Users/wangbing000317/Desktop/cs1230/CSCI1230_Final_Project/build/build-CSCI1230_Final_Project-Qt_6_5_2_for_iOS_Simulator/CMakeFiles/3.24.2/CompilerIdCXX/CompilerIdCXX.build/Debug-iphonesimulator/CompilerIdCXX.build/CompilerIdCXX-all-non-framework-target-headers.hmap (in target 'CompilerIdCXX' from project 'CompilerIdCXX')
    cd /Users/wangbing000317/Desktop/cs1230/CSCI1230_Final_Project/build/build-CSCI1230_Final_Project-Qt_6_5_2_for_iOS_Simulator/CMakeFiles/3.24.2/CompilerIdCXX
    write-file /Users/wangbing000317/Desktop/cs1230/CSCI1230_Final_Project/build/build-CSCI1230_Final_Project-Qt_6_5_2_for_iOS_Simulator/CMakeFiles/3.24.2/CompilerIdCXX/CompilerIdCXX.build/Debug-iphonesimulator/CompilerIdCXX.build/CompilerIdCXX-all-non-framework-target-headers.hmap

WriteAuxiliaryFile /Users/wangbing000317/Desktop/cs1230/CSCI1230_Final_Project/build/build-CSCI1230_Final_Project-Qt_6_5_2_for_iOS_Simulator/CMakeFiles/3.24.2/CompilerIdCXX/CompilerIdCXX.build/Debug-iphonesimulator/CompilerIdCXX.build/Objects-normal/x86_64/CompilerIdCXX.LinkFileList (in target 'CompilerIdCXX' from project 'CompilerIdCXX')
    cd /Users/wangbing000317/Desktop/cs1230/CSCI1230_Final_Project/build/build-CSCI1230_Final_Project-Qt_6_5_2_for_iOS_Simulator/CMakeFiles/3.24.2/CompilerIdCXX
    write-file /Users/wangbing000317/Desktop/cs1230/CSCI1230_Final_Project/build/build-CSCI1230_Final_Project-Qt_6_5_2_for_iOS_Simulator/CMakeFiles/3.24.2/CompilerIdCXX/CompilerIdCXX.build/Debug-iphonesimulator/CompilerIdCXX.build/Objects-normal/x86_64/CompilerIdCXX.LinkFileList

WriteAuxiliaryFile /Users/wangbing000317/Desktop/cs1230/CSCI1230_Final_Project/build/build-CSCI1230_Final_Project-Qt_6_5_2_for_iOS_Simulator/CMakeFiles/3.24.2/CompilerIdCXX/CompilerIdCXX.build/Debug-iphonesimulator/CompilerIdCXX.build/Objects-normal/arm64/CompilerIdCXX.LinkFileList (in target 'CompilerIdCXX' from project 'CompilerIdCXX')
    cd /Users/wangbing000317/Desktop/cs1230/CSCI1230_Final_Project/build/build-CSCI1230_Final_Project-Qt_6_5_2_for_iOS_Simulator/CMakeFiles/3.24.2/CompilerIdCXX
    write-file /Users/wangbing000317/Desktop/cs1230/CSCI1230_Final_Project/build/build-CSCI1230_Final_Project-Qt_6_5_2_for_iOS_Simulator/CMakeFiles/3.24.2/CompilerIdCXX/CompilerIdCXX.build/Debug-iphonesimulator/CompilerIdCXX.build/Objects-normal/arm64/CompilerIdCXX.LinkFileList

WriteAuxiliaryFile /Users/wangbing000317/Desktop/cs1230/CSCI1230_Final_Project/build/build-CSCI1230_Final_Project-Qt_6_5_2_for_iOS_Simulator/CMakeFiles/3.24.2/CompilerIdCXX/CompilerIdCXX.build/Debug-iphonesimulator/CompilerIdCXX.build/empty-CompilerIdCXX.plist (in target 'CompilerIdCXX' from project 'CompilerIdCXX')
    cd /Users/wangbing000317/Desktop/cs1230/CSCI1230_Final_Project/build/build-CSCI1230_Final_Project-Qt_6_5_2_for_iOS_Simulator/CMakeFiles/3.24.2/CompilerIdCXX
    write-file /Users/wangbing000317/Desktop/cs1230/CSCI1230_Final_Project/build/build-CSCI1230_Final_Project-Qt_6_5_2_for_iOS_Simulator/CMakeFiles/3.24.2/CompilerIdCXX/CompilerIdCXX.build/Debug-iphonesimulator/CompilerIdCXX.build/empty-CompilerIdCXX.plist

ProcessInfoPlistFile /Users/wangbing000317/Desktop/cs1230/CSCI1230_Final_Project/build/build-CSCI1230_Final_Project-Qt_6_5_2_for_iOS_Simulator/CMakeFiles/3.24.2/CompilerIdCXX/CompilerIdCXX.xctest/Info.plist /Users/wangbing000317/Desktop/cs1230/CSCI1230_Final_Project/build/build-CSCI1230_Final_Project-Qt_6_5_2_for_iOS_Simulator/CMakeFiles/3.24.2/CompilerIdCXX/CompilerIdCXX.build/Debug-iphonesimulator/CompilerIdCXX.build/empty-CompilerIdCXX.plist (in target 'CompilerIdCXX' from project 'CompilerIdCXX')
    cd /Users/wangbing000317/Desktop/cs1230/CSCI1230_Final_Project/build/build-CSCI1230_Final_Project-Qt_6_5_2_for_iOS_Simulator/CMakeFiles/3.24.2/CompilerIdCXX
    builtin-infoPlistUtility /Users/wangbing000317/Desktop/cs1230/CSCI1230_Final_Project/build/build-CSCI1230_Final_Project-Qt_6_5_2_for_iOS_Simulator/CMakeFiles/3.24.2/CompilerIdCXX/CompilerIdCXX.build/Debug-iphonesimulator/CompilerIdCXX.build/empty-CompilerIdCXX.plist -producttype com.apple.product-type.bundle.unit-test -expandbuildsettings -format binary -platform iphonesimulator -o /Users/wangbing000317/Desktop/cs1230/CSCI1230_Final_Project/build/build-CSCI1230_Final_Project-Qt_6_5_2_for_iOS_Simulator/CMakeFiles/3.24.2/CompilerIdCXX/CompilerIdCXX.xctest/Info.plist

CompileC /Users/wangbing000317/Desktop/cs1230/CSCI1230_Final_Project/build/build-CSCI1230_Final_Project-Qt_6_5_2_for_iOS_Simulator/CMakeFiles/3.24.2/CompilerIdCXX/CompilerIdCXX.build/Debug-iphonesimulator/CompilerIdCXX.build/Objects-normal/x86_64/CMakeCXXCompilerId.o /Users/wangbing000317/Desktop/cs1230/CSCI1230_Final_Project/build/build-CSCI1230_Final_Project-Qt_6_5_2_for_iOS_Simulator/CMakeFiles/3.24.2/CompilerIdCXX/CMakeCXXCompilerId.cpp normal x86_64 c++ com.apple.compilers.llvm.clang.1_0.compiler (in target 'CompilerIdCXX' from project 'CompilerIdCXX')
    cd /Users/wangbing000317/Desktop/cs1230/CSCI1230_Final_Project/build/build-CSCI1230_Final_Project-Qt_6_5_2_for_iOS_Simulator/CMakeFiles/3.24.2/CompilerIdCXX
    /Applications/Xcode.app/Contents/Developer/Toolchains/XcodeDefault.xctoolchain/usr/bin/clang -x c++ -ivfsstatcache /var/folders/wl/ppqzxgj14p746r287xf9xggm0000gp/C/com.apple.DeveloperTools/15.0.1-15A507/Xcode/SDKStatCaches.noindex/iphonesimulator17.0-21A326-9f995cea1212cde75317d7d3cd2045e2.sdkstatcache -target x86_64-apple-ios17.0-simulator -fmessage-length\=0 -fdiagnostics-show-note-include-stack -fmacro-backtrace-limit\=0 -fno-color-diagnostics -Wno-trigraphs -fpascal-strings -Os -Wno-missing-field-initializers -Wno-missing-prototypes -Wno-return-type -Wno-non-virtual-dtor -Wno-overloaded-virtual -Wno-exit-time-destructors -Wno-missing-braces -Wparentheses -Wswitch -Wno-unused-function -Wno-unused-label -Wno-unused-parameter -Wno-unused-variable -Wunused-value -Wno-empty-body -Wno-uninitialized -Wno-unknown-pragmas -Wno-shadow -Wno-four-char-constants -Wno-conversion -Wno-constant-conversion -Wno-int-conversion -Wno-bool-conversion -Wno-enum-conversion -Wno-float-conversion -Wno-non-literal-null-conversion -Wno-objc-literal-conversion -Wshorten-64-to-32 -Wno-newline-eof -Wno-c++11-extensions -Wno-implicit-fallthrough -isysroot /Applications/Xcode.app/Contents/Developer/Platforms/iPhoneSimulator.platform/Developer/SDKs/iPhoneSimulator17.0.sdk -fasm-blocks -fstrict-aliasing -Wdeprecated-declarations -Winvalid-offsetof -g -fvisibility-inlines-hidden -Wno-sign-conversion -Wno-infinite-recursion -Wno-move -Wno-comma -Wno-block-capture-autoreleasing -Wno-strict-prototypes -Wno-range-loop-analysis -Wno-semicolon-before-method-body -iquote /Users/wangbing000317/Desktop/cs1230/CSCI1230_Final_Project/build/build-CSCI1230_Final_Project-Qt_6_5_2_for_iOS_Simulator/CMakeFiles/3.24.2/CompilerIdCXX/CompilerIdCXX.build/Debug-iphonesimulator/CompilerIdCXX.build/CompilerIdCXX-generated-files.hmap -I/Users/wangbing000317/Desktop/cs1230/CSCI1230_Final_Project/build/build-CSCI1230_Final_Project-Qt_6_5_2_for_iOS_Simulator/CMakeFiles/3.24.2/CompilerIdCXX/CompilerIdCXX.build/Debug-iphonesimulator/CompilerIdCXX.build/CompilerIdCXX-own-target-headers.hmap -I/Users/wangbing000317/Desktop/cs1230/CSCI1230_Final_Project/build/build-CSCI1230_Final_Project-Qt_6_5_2_for_iOS_Simulator/CMakeFiles/3.24.2/CompilerIdCXX/CompilerIdCXX.build/Debug-iphonesimulator/CompilerIdCXX.build/CompilerIdCXX-all-target-headers.hmap -iquote /Users/wangbing000317/Desktop/cs1230/CSCI1230_Final_Project/build/build-CSCI1230_Final_Project-Qt_6_5_2_for_iOS_Simulator/CMakeFiles/3.24.2/CompilerIdCXX/CompilerIdCXX.build/Debug-iphonesimulator/CompilerIdCXX.build/CompilerIdCXX-project-headers.hmap -I/Users/wangbing000317/Desktop/cs1230/CSCI1230_Final_Project/build/build-CSCI1230_Final_Project-Qt_6_5_2_for_iOS_Simulator/CMakeFiles/3.24.2/CompilerIdCXX/include -I/Users/wangbing000317/Desktop/cs1230/CSCI1230_Final_Project/build/build-CSCI1230_Final_Project-Qt_6_5_2_for_iOS_Simulator/CMakeFiles/3.24.2/CompilerIdCXX/CompilerIdCXX.build/Debug-iphonesimulator/CompilerIdCXX.build/DerivedSources-normal/x86_64 -I/Users/wangbing000317/Desktop/cs1230/CSCI1230_Final_Project/build/build-CSCI1230_Final_Project-Qt_6_5_2_for_iOS_Simulator/CMakeFiles/3.24.2/CompilerIdCXX/CompilerIdCXX.build/Debug-iphonesimulator/CompilerIdCXX.build/DerivedSources/x86_64 -I/Users/wangbing000317/Desktop/cs1230/CSCI1230_Final_Project/build/build-CSCI1230_Final_Project-Qt_6_5_2_for_iOS_Simulator/CMakeFiles/3.24.2/CompilerIdCXX/CompilerIdCXX.build/Debug-iphonesimulator/CompilerIdCXX.build/DerivedSources -F/Users/wangbing000317/Desktop/cs1230/CSCI1230_Final_Project/build/build-CSCI1230_Final_Project-Qt_6_5_2_for_iOS_Simulator/CMakeFiles/3.24.2/CompilerIdCXX -iframework /Applications/Xcode.app/Contents/Developer/Platforms/iPhoneSimulator.platform/Developer/Library/Frameworks -iframework /Applications/Xcode.app/Contents/Developer/Platforms/iPhoneSimulator.platform/Developer/SDKs/iPhoneSimulator17.0.sdk/Developer/Library/Frameworks -MMD -MT dependencies -MF /Users/wangbing000317/Desktop/cs1230/CSCI1230_Final_Project/build/build-CSCI1230_Final_Project-Qt_6_5_2_for_iOS_Simulator/CMakeFiles/3.24.2/CompilerIdCXX/CompilerIdCXX.build/Debug-iphonesimulator/CompilerIdCXX.build/Objects-normal/x86_64/CMakeCXXCompilerId.d --serialize-diagnostics /Users/wangbing000317/Desktop/cs1230/CSCI1230_Final_Project/build/build-CSCI1230_Final_Project-Qt_6_5_2_for_iOS_Simulator/CMakeFiles/3.24.2/CompilerIdCXX/CompilerIdCXX.build/Debug-iphonesimulator/CompilerIdCXX.build/Objects-normal/x86_64/CMakeCXXCompilerId.dia -c /Users/wangbing000317/Desktop/cs1230/CSCI1230_Final_Project/build/build-CSCI1230_Final_Project-Qt_6_5_2_for_iOS_Simulator/CMakeFiles/3.24.2/CompilerIdCXX/CMakeCXXCompilerId.cpp -o /Users/wangbing000317/Desktop/cs1230/CSCI1230_Final_Project/build/build-CSCI1230_Final_Project-Qt_6_5_2_for_iOS_Simulator/CMakeFiles/3.24.2/CompilerIdCXX/CompilerIdCXX.build/Debug-iphonesimulator/CompilerIdCXX.build/Objects-normal/x86_64/CMakeCXXCompilerId.o

CompileC /Users/wangbing000317/Desktop/cs1230/CSCI1230_Final_Project/build/build-CSCI1230_Final_Project-Qt_6_5_2_for_iOS_Simulator/CMakeFiles/3.24.2/CompilerIdCXX/CompilerIdCXX.build/Debug-iphonesimulator/CompilerIdCXX.build/Objects-normal/arm64/CMakeCXXCompilerId.o /Users/wangbing000317/Desktop/cs1230/CSCI1230_Final_Project/build/build-CSCI1230_Final_Project-Qt_6_5_2_for_iOS_Simulator/CMakeFiles/3.24.2/CompilerIdCXX/CMakeCXXCompilerId.cpp normal arm64 c++ com.apple.compilers.llvm.clang.1_0.compiler (in target 'CompilerIdCXX' from project 'CompilerIdCXX')
    cd /Users/wangbing000317/Desktop/cs1230/CSCI1230_Final_Project/build/build-CSCI1230_Final_Project-Qt_6_5_2_for_iOS_Simulator/CMakeFiles/3.24.2/CompilerIdCXX
    /Applications/Xcode.app/Contents/Developer/Toolchains/XcodeDefault.xctoolchain/usr/bin/clang -x c++ -ivfsstatcache /var/folders/wl/ppqzxgj14p746r287xf9xggm0000gp/C/com.apple.DeveloperTools/15.0.1-15A507/Xcode/SDKStatCaches.noindex/iphonesimulator17.0-21A326-9f995cea1212cde75317d7d3cd2045e2.sdkstatcache -target arm64-apple-ios17.0-simulator -fmessage-length\=0 -fdiagnostics-show-note-include-stack -fmacro-backtrace-limit\=0 -fno-color-diagnostics -Wno-trigraphs -fpascal-strings -Os -Wno-missing-field-initializers -Wno-missing-prototypes -Wno-return-type -Wno-non-virtual-dtor -Wno-overloaded-virtual -Wno-exit-time-destructors -Wno-missing-braces -Wparentheses -Wswitch -Wno-unused-function -Wno-unused-label -Wno-unused-parameter -Wno-unused-variable -Wunused-value -Wno-empty-body -Wno-uninitialized -Wno-unknown-pragmas -Wno-shadow -Wno-four-char-constants -Wno-conversion -Wno-constant-conversion -Wno-int-conversion -Wno-bool-conversion -Wno-enum-conversion -Wno-float-conversion -Wno-non-literal-null-conversion -Wno-objc-literal-conversion -Wshorten-64-to-32 -Wno-newline-eof -Wno-c++11-extensions -Wno-implicit-fallthrough -isysroot /Applications/Xcode.app/Contents/Developer/Platforms/iPhoneSimulator.platform/Developer/SDKs/iPhoneSimulator17.0.sdk -fstrict-aliasing -Wdeprecated-declarations -Winvalid-offsetof -g -fvisibility-inlines-hidden -Wno-sign-conversion -Wno-infinite-recursion -Wno-move -Wno-comma -Wno-block-capture-autoreleasing -Wno-strict-prototypes -Wno-range-loop-analysis -Wno-semicolon-before-method-body -iquote /Users/wangbing000317/Desktop/cs1230/CSCI1230_Final_Project/build/build-CSCI1230_Final_Project-Qt_6_5_2_for_iOS_Simulator/CMakeFiles/3.24.2/CompilerIdCXX/CompilerIdCXX.build/Debug-iphonesimulator/CompilerIdCXX.build/CompilerIdCXX-generated-files.hmap -I/Users/wangbing000317/Desktop/cs1230/CSCI1230_Final_Project/build/build-CSCI1230_Final_Project-Qt_6_5_2_for_iOS_Simulator/CMakeFiles/3.24.2/CompilerIdCXX/CompilerIdCXX.build/Debug-iphonesimulator/CompilerIdCXX.build/CompilerIdCXX-own-target-headers.hmap -I/Users/wangbing000317/Desktop/cs1230/CSCI1230_Final_Project/build/build-CSCI1230_Final_Project-Qt_6_5_2_for_iOS_Simulator/CMakeFiles/3.24.2/CompilerIdCXX/CompilerIdCXX.build/Debug-iphonesimulator/CompilerIdCXX.build/CompilerIdCXX-all-target-headers.hmap -iquote /Users/wangbing000317/Desktop/cs1230/CSCI1230_Final_Project/build/build-CSCI1230_Final_Project-Qt_6_5_2_for_iOS_Simulator/CMakeFiles/3.24.2/CompilerIdCXX/CompilerIdCXX.build/Debug-iphonesimulator/CompilerIdCXX.build/CompilerIdCXX-project-headers.hmap -I/Users/wangbing000317/Desktop/cs1230/CSCI1230_Final_Project/build/build-CSCI1230_Final_Project-Qt_6_5_2_for_iOS_Simulator/CMakeFiles/3.24.2/CompilerIdCXX/include -I/Users/wangbing000317/Desktop/cs1230/CSCI1230_Final_Project/build/build-CSCI1230_Final_Project-Qt_6_5_2_for_iOS_Simulator/CMakeFiles/3.24.2/CompilerIdCXX/CompilerIdCXX.build/Debug-iphonesimulator/CompilerIdCXX.build/DerivedSources-normal/arm64 -I/Users/wangbing000317/Desktop/cs1230/CSCI1230_Final_Project/build/build-CSCI1230_Final_Project-Qt_6_5_2_for_iOS_Simulator/CMakeFiles/3.24.2/CompilerIdCXX/CompilerIdCXX.build/Debug-iphonesimulator/CompilerIdCXX.build/DerivedSources/arm64 -I/Users/wangbing000317/Desktop/cs1230/CSCI1230_Final_Project/build/build-CSCI1230_Final_Project-Qt_6_5_2_for_iOS_Simulator/CMakeFiles/3.24.2/CompilerIdCXX/CompilerIdCXX.build/Debug-iphonesimulator/CompilerIdCXX.build/DerivedSources -F/Users/wangbing000317/Desktop/cs1230/CSCI1230_Final_Project/build/build-CSCI1230_Final_Project-Qt_6_5_2_for_iOS_Simulator/CMakeFiles/3.24.2/CompilerIdCXX -iframework /Applications/Xcode.app/Contents/Developer/Platforms/iPhoneSimulator.platform/Developer/Library/Frameworks -iframework /Applications/Xcode.app/Contents/Developer/Platforms/iPhoneSimulator.platform/Developer/SDKs/iPhoneSimulator17.0.sdk/Developer/Library/Frameworks -MMD -MT dependencies -MF /Users/wangbing000317/Desktop/cs1230/CSCI1230_Final_Project/build/build-CSCI1230_Final_Project-Qt_6_5_2_for_iOS_Simulator/CMakeFiles/3.24.2/CompilerIdCXX/CompilerIdCXX.build/Debug-iphonesimulator/CompilerIdCXX.build/Objects-normal/arm64/CMakeCXXCompilerId.d --serialize-diagnostics /Users/wangbing000317/Desktop/cs1230/CSCI1230_Final_Project/build/build-CSCI1230_Final_Project-Qt_6_5_2_for_iOS_Simulator/CMakeFiles/3.24.2/CompilerIdCXX/CompilerIdCXX.build/Debug-iphonesimulator/CompilerIdCXX.build/Objects-normal/arm64/CMakeCXXCompilerId.dia -c /Users/wangbing000317/Desktop/cs1230/CSCI1230_Final_Project/build/build-CSCI1230_Final_Project-Qt_6_5_2_for_iOS_Simulator/CMakeFiles/3.24.2/CompilerIdCXX/CMakeCXXCompilerId.cpp -o /Users/wangbing000317/Desktop/cs1230/CSCI1230_Final_Project/build/build-CSCI1230_Final_Project-Qt_6_5_2_for_iOS_Simulator/CMakeFiles/3.24.2/CompilerIdCXX/CompilerIdCXX.build/Debug-iphonesimulator/CompilerIdCXX.build/Objects-normal/arm64/CMakeCXXCompilerId.o

Ld /Users/wangbing000317/Desktop/cs1230/CSCI1230_Final_Project/build/build-CSCI1230_Final_Project-Qt_6_5_2_for_iOS_Simulator/CMakeFiles/3.24.2/CompilerIdCXX/CompilerIdCXX.build/Debug-iphonesimulator/CompilerIdCXX.build/Objects-normal/arm64/Binary/CompilerIdCXX normal arm64 (in target 'CompilerIdCXX' from project 'CompilerIdCXX')
    cd /Users/wangbing000317/Desktop/cs1230/CSCI1230_Final_Project/build/build-CSCI1230_Final_Project-Qt_6_5_2_for_iOS_Simulator/CMakeFiles/3.24.2/CompilerIdCXX
    /Applications/Xcode.app/Contents/Developer/Toolchains/XcodeDefault.xctoolchain/usr/bin/clang++ -Xlinker -reproducible -target arm64-apple-ios17.0-simulator -bundle -isysroot /Applications/Xcode.app/Contents/Developer/Platforms/iPhoneSimulator.platform/Developer/SDKs/iPhoneSimulator17.0.sdk -Os -L/Users/wangbing000317/Desktop/cs1230/CSCI1230_Final_Project/build/build-CSCI1230_Final_Project-Qt_6_5_2_for_iOS_Simulator/CMakeFiles/3.24.2/CompilerIdCXX/EagerLinkingTBDs/Debug-iphonesimulator -L/Users/wangbing000317/Desktop/cs1230/CSCI1230_Final_Project/build/build-CSCI1230_Final_Project-Qt_6_5_2_for_iOS_Simulator/CMakeFiles/3.24.2/CompilerIdCXX -L/Applications/Xcode.app/Contents/Developer/Platforms/iPhoneSimulator.platform/Developer/usr/lib -F/Users/wangbing000317/Desktop/cs1230/CSCI1230_Final_Project/build/build-CSCI1230_Final_Project-Qt_6_5_2_for_iOS_Simulator/CMakeFiles/3.24.2/CompilerIdCXX/EagerLinkingTBDs/Debug-iphonesimulator -F/Users/wangbing000317/Desktop/cs1230/CSCI1230_Final_Project/build/build-CSCI1230_Final_Project-Qt_6_5_2_for_iOS_Simulator/CMakeFiles/3.24.2/CompilerIdCXX -iframework /Applications/Xcode.app/Contents/Developer/Platforms/iPhoneSimulator.platform/Developer/Library/Frameworks -iframework /Applications/Xcode.app/Contents/Developer/Platforms/iPhoneSimulator.platform/Developer/SDKs/iPhoneSimulator17.0.sdk/Developer/Library/Frameworks -filelist /Users/wangbing000317/Desktop/cs1230/CSCI1230_Final_Project/build/build-CSCI1230_Final_Project-Qt_6_5_2_for_iOS_Simulator/CMakeFiles/3.24.2/CompilerIdCXX/CompilerIdCXX.build/Debug-iphonesimulator/CompilerIdCXX.build/Objects-normal/arm64/CompilerIdCXX.LinkFileList -Xlinker -rpath -Xlinker @loader_path/Frameworks -dead_strip -Xlinker -object_path_lto -Xlinker /Users/wangbing000317/Desktop/cs1230/CSCI1230_Final_Project/build/build-CSCI1230_Final_Project-Qt_6_5_2_for_iOS_Simulator/CMakeFiles/3.24.2/CompilerIdCXX/CompilerIdCXX.build/Debug-iphonesimulator/CompilerIdCXX.build/Objects-normal/arm64/CompilerIdCXX_lto.o -Xlinker -objc_abi_version -Xlinker 2 -framework XCTest -Xlinker -no_adhoc_codesign -Xlinker -dependency_info -Xlinker /Users/wangbing000317/Desktop/cs1230/CSCI1230_Final_Project/build/build-CSCI1230_Final_Project-Qt_6_5_2_for_iOS_Simulator/CMakeFiles/3.24.2/CompilerIdCXX/CompilerIdCXX.build/Debug-iphonesimulator/CompilerIdCXX.build/Objects-normal/arm64/CompilerIdCXX_dependency_info.dat -o /Users/wangbing000317/Desktop/cs1230/CSCI1230_Final_Project/build/build-CSCI1230_Final_Project-Qt_6_5_2_for_iOS_Simulator/CMakeFiles/3.24.2/CompilerIdCXX/CompilerIdCXX.build/Debug-iphonesimulator/CompilerIdCXX.build/Objects-normal/arm64/Binary/CompilerIdCXX

Ld /Users/wangbing000317/Desktop/cs1230/CSCI1230_Final_Project/build/build-CSCI1230_Final_Project-Qt_6_5_2_for_iOS_Simulator/CMakeFiles/3.24.2/CompilerIdCXX/CompilerIdCXX.build/Debug-iphonesimulator/CompilerIdCXX.build/Objects-normal/x86_64/Binary/CompilerIdCXX normal x86_64 (in target 'CompilerIdCXX' from project 'CompilerIdCXX')
    cd /Users/wangbing000317/Desktop/cs1230/CSCI1230_Final_Project/build/build-CSCI1230_Final_Project-Qt_6_5_2_for_iOS_Simulator/CMakeFiles/3.24.2/CompilerIdCXX
    /Applications/Xcode.app/Contents/Developer/Toolchains/XcodeDefault.xctoolchain/usr/bin/clang++ -Xlinker -reproducible -target x86_64-apple-ios17.0-simulator -bundle -isysroot /Applications/Xcode.app/Contents/Developer/Platforms/iPhoneSimulator.platform/Developer/SDKs/iPhoneSimulator17.0.sdk -Os -L/Users/wangbing000317/Desktop/cs1230/CSCI1230_Final_Project/build/build-CSCI1230_Final_Project-Qt_6_5_2_for_iOS_Simulator/CMakeFiles/3.24.2/CompilerIdCXX/EagerLinkingTBDs/Debug-iphonesimulator -L/Users/wangbing000317/Desktop/cs1230/CSCI1230_Final_Project/build/build-CSCI1230_Final_Project-Qt_6_5_2_for_iOS_Simulator/CMakeFiles/3.24.2/CompilerIdCXX -L/Applications/Xcode.app/Contents/Developer/Platforms/iPhoneSimulator.platform/Developer/usr/lib -F/Users/wangbing000317/Desktop/cs1230/CSCI1230_Final_Project/build/build-CSCI1230_Final_Project-Qt_6_5_2_for_iOS_Simulator/CMakeFiles/3.24.2/CompilerIdCXX/EagerLinkingTBDs/Debug-iphonesimulator -F/Users/wangbing000317/Desktop/cs1230/CSCI1230_Final_Project/build/build-CSCI1230_Final_Project-Qt_6_5_2_for_iOS_Simulator/CMakeFiles/3.24.2/CompilerIdCXX -iframework /Applications/Xcode.app/Contents/Developer/Platforms/iPhoneSimulator.platform/Developer/Library/Frameworks -iframework /Applications/Xcode.app/Contents/Developer/Platforms/iPhoneSimulator.platform/Developer/SDKs/iPhoneSimulator17.0.sdk/Developer/Library/Frameworks -filelist /Users/wangbing000317/Desktop/cs1230/CSCI1230_Final_Project/build/build-CSCI1230_Final_Project-Qt_6_5_2_for_iOS_Simulator/CMakeFiles/3.24.2/CompilerIdCXX/CompilerIdCXX.build/Debug-iphonesimulator/CompilerIdCXX.build/Objects-normal/x86_64/CompilerIdCXX.LinkFileList -Xlinker -rpath -Xlinker @loader_path/Frameworks -dead_strip -Xlinker -object_path_lto -Xlinker /Users/wangbing000317/Desktop/cs1230/CSCI1230_Final_Project/build/build-CSCI1230_Final_Project-Qt_6_5_2_for_iOS_Simulator/CMakeFiles/3.24.2/CompilerIdCXX/CompilerIdCXX.build/Debug-iphonesimulator/CompilerIdCXX.build/Objects-normal/x86_64/CompilerIdCXX_lto.o -Xlinker -objc_abi_version -Xlinker 2 -framework XCTest -Xlinker -no_adhoc_codesign -Xlinker -dependency_info -Xlinker /Users/wangbing000317/Desktop/cs1230/CSCI1230_Final_Project/build/build-CSCI1230_Final_Project-Qt_6_5_2_for_iOS_Simulator/CMakeFiles/3.24.2/CompilerIdCXX/CompilerIdCXX.build/Debug-iphonesimulator/CompilerIdCXX.build/Objects-normal/x86_64/CompilerIdCXX_dependency_info.dat -o /Users/wangbing000317/Desktop/cs1230/CSCI1230_Final_Project/build/build-CSCI1230_Final_Project-Qt_6_5_2_for_iOS_Simulator/CMakeFiles/3.24.2/CompilerIdCXX/CompilerIdCXX.build/Debug-iphonesimulator/CompilerIdCXX.build/Objects-normal/x86_64/Binary/CompilerIdCXX

CreateUniversalBinary /Users/wangbing000317/Desktop/cs1230/CSCI1230_Final_Project/build/build-CSCI1230_Final_Project-Qt_6_5_2_for_iOS_Simulator/CMakeFiles/3.24.2/CompilerIdCXX/CompilerIdCXX.xctest/CompilerIdCXX normal arm64\ x86_64 (in target 'CompilerIdCXX' from project 'CompilerIdCXX')
    cd /Users/wangbing000317/Desktop/cs1230/CSCI1230_Final_Project/build/build-CSCI1230_Final_Project-Qt_6_5_2_for_iOS_Simulator/CMakeFiles/3.24.2/CompilerIdCXX
    /Applications/Xcode.app/Contents/Developer/Toolchains/XcodeDefault.xctoolchain/usr/bin/lipo -create /Users/wangbing000317/Desktop/cs1230/CSCI1230_Final_Project/build/build-CSCI1230_Final_Project-Qt_6_5_2_for_iOS_Simulator/CMakeFiles/3.24.2/CompilerIdCXX/CompilerIdCXX.build/Debug-iphonesimulator/CompilerIdCXX.build/Objects-normal/arm64/Binary/CompilerIdCXX /Users/wangbing000317/Desktop/cs1230/CSCI1230_Final_Project/build/build-CSCI1230_Final_Project-Qt_6_5_2_for_iOS_Simulator/CMakeFiles/3.24.2/CompilerIdCXX/CompilerIdCXX.build/Debug-iphonesimulator/CompilerIdCXX.build/Objects-normal/x86_64/Binary/CompilerIdCXX -output /Users/wangbing000317/Desktop/cs1230/CSCI1230_Final_Project/build/build-CSCI1230_Final_Project-Qt_6_5_2_for_iOS_Simulator/CMakeFiles/3.24.2/CompilerIdCXX/CompilerIdCXX.xctest/CompilerIdCXX

WriteAuxiliaryFile /Users/wangbing000317/Desktop/cs1230/CSCI1230_Final_Project/build/build-CSCI1230_Final_Project-Qt_6_5_2_for_iOS_Simulator/CMakeFiles/3.24.2/CompilerIdCXX/CompilerIdCXX.build/Debug-iphonesimulator/CompilerIdCXX.build/Script-2C8FEB8E15DC1A1A00E56A5D.sh (in target 'CompilerIdCXX' from project 'CompilerIdCXX')
    cd /Users/wangbing000317/Desktop/cs1230/CSCI1230_Final_Project/build/build-CSCI1230_Final_Project-Qt_6_5_2_for_iOS_Simulator/CMakeFiles/3.24.2/CompilerIdCXX
    write-file /Users/wangbing000317/Desktop/cs1230/CSCI1230_Final_Project/build/build-CSCI1230_Final_Project-Qt_6_5_2_for_iOS_Simulator/CMakeFiles/3.24.2/CompilerIdCXX/CompilerIdCXX.build/Debug-iphonesimulator/CompilerIdCXX.build/Script-2C8FEB8E15DC1A1A00E56A5D.sh

GenerateDSYMFile /Users/wangbing000317/Desktop/cs1230/CSCI1230_Final_Project/build/build-CSCI1230_Final_Project-Qt_6_5_2_for_iOS_Simulator/CMakeFiles/3.24.2/CompilerIdCXX/CompilerIdCXX.xctest.dSYM /Users/wangbing000317/Desktop/cs1230/CSCI1230_Final_Project/build/build-CSCI1230_Final_Project-Qt_6_5_2_for_iOS_Simulator/CMakeFiles/3.24.2/CompilerIdCXX/CompilerIdCXX.xctest/CompilerIdCXX (in target 'CompilerIdCXX' from project 'CompilerIdCXX')
    cd /Users/wangbing000317/Desktop/cs1230/CSCI1230_Final_Project/build/build-CSCI1230_Final_Project-Qt_6_5_2_for_iOS_Simulator/CMakeFiles/3.24.2/CompilerIdCXX
    /Applications/Xcode.app/Contents/Developer/Toolchains/XcodeDefault.xctoolchain/usr/bin/dsymutil /Users/wangbing000317/Desktop/cs1230/CSCI1230_Final_Project/build/build-CSCI1230_Final_Project-Qt_6_5_2_for_iOS_Simulator/CMakeFiles/3.24.2/CompilerIdCXX/CompilerIdCXX.xctest/CompilerIdCXX -o /Users/wangbing000317/Desktop/cs1230/CSCI1230_Final_Project/build/build-CSCI1230_Final_Project-Qt_6_5_2_for_iOS_Simulator/CMakeFiles/3.24.2/CompilerIdCXX/CompilerIdCXX.xctest.dSYM

PhaseScriptExecution Run\ Script /Users/wangbing000317/Desktop/cs1230/CSCI1230_Final_Project/build/build-CSCI1230_Final_Project-Qt_6_5_2_for_iOS_Simulator/CMakeFiles/3.24.2/CompilerIdCXX/CompilerIdCXX.build/Debug-iphonesimulator/CompilerIdCXX.build/Script-2C8FEB8E15DC1A1A00E56A5D.sh (in target 'CompilerIdCXX' from project 'CompilerIdCXX')
    cd /Users/wangbing000317/Desktop/cs1230/CSCI1230_Final_Project/build/build-CSCI1230_Final_Project-Qt_6_5_2_for_iOS_Simulator/CMakeFiles/3.24.2/CompilerIdCXX
    /bin/sh -c /Users/wangbing000317/Desktop/cs1230/CSCI1230_Final_Project/build/build-CSCI1230_Final_Project-Qt_6_5_2_for_iOS_Simulator/CMakeFiles/3.24.2/CompilerIdCXX/CompilerIdCXX.build/Debug-iphonesimulator/CompilerIdCXX.build/Script-2C8FEB8E15DC1A1A00E56A5D.sh
GCC_VERSION=com.apple.compilers.llvm.clang.1_0
ARCHS=arm64 x86_64

CodeSign /Users/wangbing000317/Desktop/cs1230/CSCI1230_Final_Project/build/build-CSCI1230_Final_Project-Qt_6_5_2_for_iOS_Simulator/CMakeFiles/3.24.2/CompilerIdCXX/CompilerIdCXX.xctest (in target 'CompilerIdCXX' from project 'CompilerIdCXX')
    cd /Users/wangbing000317/Desktop/cs1230/CSCI1230_Final_Project/build/build-CSCI1230_Final_Project-Qt_6_5_2_for_iOS_Simulator/CMakeFiles/3.24.2/CompilerIdCXX
    
    Signing Identity:     "-"
    
    /usr/bin/codesign --force --sign - --timestamp\=none --generate-entitlement-der /Users/wangbing000317/Desktop/cs1230/CSCI1230_Final_Project/build/build-CSCI1230_Final_Project-Qt_6_5_2_for_iOS_Simulator/CMakeFiles/3.24.2/CompilerIdCXX/CompilerIdCXX.xctest

RegisterExecutionPolicyException /Users/wangbing000317/Desktop/cs1230/CSCI1230_Final_Project/build/build-CSCI1230_Final_Project-Qt_6_5_2_for_iOS_Simulator/CMakeFiles/3.24.2/CompilerIdCXX/CompilerIdCXX.xctest (in target 'CompilerIdCXX' from project 'CompilerIdCXX')
    cd /Users/wangbing000317/Desktop/cs1230/CSCI1230_Final_Project/build/build-CSCI1230_Final_Project-Qt_6_5_2_for_iOS_Simulator/CMakeFiles/3.24.2/CompilerIdCXX
    builtin-RegisterExecutionPolicyException /Users/wangbing000317/Desktop/cs1230/CSCI1230_Final_Project/build/build-CSCI1230_Final_Project-Qt_6_5_2_for_iOS_Simulator/CMakeFiles/3.24.2/CompilerIdCXX/CompilerIdCXX.xctest

Touch /Users/wangbing000317/Desktop/cs1230/CSCI1230_Final_Project/build/build-CSCI1230_Final_Project-Qt_6_5_2_for_iOS_Simulator/CMakeFiles/3.24.2/CompilerIdCXX/CompilerIdCXX.xctest (in target 'CompilerIdCXX' from project 'CompilerIdCXX')
    cd /Users/wangbing000317/Desktop/cs1230/CSCI1230_Final_Project/build/build-CSCI1230_Final_Project-Qt_6_5_2_for_iOS_Simulator/CMakeFiles/3.24.2/CompilerIdCXX
    /usr/bin/touch -c /Users/wangbing000317/Desktop/cs1230/CSCI1230_Final_Project/build/build-CSCI1230_Final_Project-Qt_6_5_2_for_iOS_Simulator/CMakeFiles/3.24.2/CompilerIdCXX/CompilerIdCXX.xctest

warning: ONLY_ACTIVE_ARCH=YES requested with multiple ARCHS and no active architecture could be computed; building for all applicable architectures (in target 'CompilerIdCXX' from project 'CompilerIdCXX')
warning: Traditional headermap style is no longer supported; please migrate to using separate headermaps and set 'ALWAYS_SEARCH_USER_PATHS' to NO. (in target 'CompilerIdCXX' from project 'CompilerIdCXX')
note: Run script build phase 'Run Script' will be run during every build because the option to run the script phase "Based on dependency analysis" is unchecked. (in target 'CompilerIdCXX' from project 'CompilerIdCXX')
** BUILD SUCCEEDED **



Compilation of the CXX compiler identification source "CMakeCXXCompilerId.cpp" produced "CompilerIdCXX.xctest/CompilerIdCXX"

Compilation of the CXX compiler identification source "CMakeCXXCompilerId.cpp" produced "CompilerIdCXX.xctest/Info.plist"

The CXX compiler identification is AppleClang, found in "/Users/wangbing000317/Desktop/cs1230/CSCI1230_Final_Project/build/build-CSCI1230_Final_Project-Qt_6_5_2_for_iOS_Simulator/CMakeFiles/3.24.2/CompilerIdCXX/CompilerIdCXX.xctest/CompilerIdCXX"

Compiling the C compiler identification source file "CMakeCCompilerId.c" succeeded.
Compiler: /Applications/Xcode.app/Contents/Developer/Toolchains/XcodeDefault.xctoolchain/usr/bin/clang 
Build flags: 
Id flags:  

The output was:
0
Command line invocation:
    /Applications/Xcode.app/Contents/Developer/usr/bin/xcodebuild

User defaults from command line:
    IDEPackageSupportUseBuiltinSCM = YES

ComputeTargetDependencyGraph
warning: Building targets in manual order is deprecated - check "Parallelize build for command-line builds" in the project editor, or set DISABLE_MANUAL_TARGET_ORDER_BUILD_WARNING in any of the targets in the current build to suppress this warning
note: Target dependency graph (1 target)
    Target 'CompilerIdC' in project 'CompilerIdC' (no dependencies)

GatherProvisioningInputs

CreateBuildDescription
Build description signature: 79c126fe4248b5eb5512bfd225e85f57
Build description path: /Users/wangbing000317/Desktop/cs1230/CSCI1230_Final_Project/build/build-CSCI1230_Final_Project-Qt_6_5_2_for_iOS_Simulator/CMakeFiles/3.24.2/CompilerIdC/./XCBuildData/79c126fe4248b5eb5512bfd225e85f57.xcbuilddata

CreateBuildDirectory /Users/wangbing000317/Desktop/cs1230/CSCI1230_Final_Project/build/build-CSCI1230_Final_Project-Qt_6_5_2_for_iOS_Simulator/CMakeFiles/3.24.2/CompilerIdC
    cd /Users/wangbing000317/Desktop/cs1230/CSCI1230_Final_Project/build/build-CSCI1230_Final_Project-Qt_6_5_2_for_iOS_Simulator/CMakeFiles/3.24.2/CompilerIdC/CompilerIdC.xcodeproj
    builtin-create-build-directory /Users/wangbing000317/Desktop/cs1230/CSCI1230_Final_Project/build/build-CSCI1230_Final_Project-Qt_6_5_2_for_iOS_Simulator/CMakeFiles/3.24.2/CompilerIdC

ClangStatCache /Applications/Xcode.app/Contents/Developer/Toolchains/XcodeDefault.xctoolchain/usr/bin/clang-stat-cache /Applications/Xcode.app/Contents/Developer/Platforms/iPhoneSimulator.platform/Developer/SDKs/iPhoneSimulator17.0.sdk /var/folders/wl/ppqzxgj14p746r287xf9xggm0000gp/C/com.apple.DeveloperTools/15.0.1-15A507/Xcode/SDKStatCaches.noindex/iphonesimulator17.0-21A326-9f995cea1212cde75317d7d3cd2045e2.sdkstatcache
    cd /Users/wangbing000317/Desktop/cs1230/CSCI1230_Final_Project/build/build-CSCI1230_Final_Project-Qt_6_5_2_for_iOS_Simulator/CMakeFiles/3.24.2/CompilerIdC/CompilerIdC.xcodeproj
    /Applications/Xcode.app/Contents/Developer/Toolchains/XcodeDefault.xctoolchain/usr/bin/clang-stat-cache /Applications/Xcode.app/Contents/Developer/Platforms/iPhoneSimulator.platform/Developer/SDKs/iPhoneSimulator17.0.sdk -o /var/folders/wl/ppqzxgj14p746r287xf9xggm0000gp/C/com.apple.DeveloperTools/15.0.1-15A507/Xcode/SDKStatCaches.noindex/iphonesimulator17.0-21A326-9f995cea1212cde75317d7d3cd2045e2.sdkstatcache

CreateBuildDirectory /Users/wangbing000317/Desktop/cs1230/CSCI1230_Final_Project/build/build-CSCI1230_Final_Project-Qt_6_5_2_for_iOS_Simulator/CMakeFiles/3.24.2/CompilerIdC/EagerLinkingTBDs/Debug-iphonesimulator
    cd /Users/wangbing000317/Desktop/cs1230/CSCI1230_Final_Project/build/build-CSCI1230_Final_Project-Qt_6_5_2_for_iOS_Simulator/CMakeFiles/3.24.2/CompilerIdC/CompilerIdC.xcodeproj
    builtin-create-build-directory /Users/wangbing000317/Desktop/cs1230/CSCI1230_Final_Project/build/build-CSCI1230_Final_Project-Qt_6_5_2_for_iOS_Simulator/CMakeFiles/3.24.2/CompilerIdC/EagerLinkingTBDs/Debug-iphonesimulator

MkDir /Users/wangbing000317/Desktop/cs1230/CSCI1230_Final_Project/build/build-CSCI1230_Final_Project-Qt_6_5_2_for_iOS_Simulator/CMakeFiles/3.24.2/CompilerIdC/CompilerIdC.xctest (in target 'CompilerIdC' from project 'CompilerIdC')
    cd /Users/wangbing000317/Desktop/cs1230/CSCI1230_Final_Project/build/build-CSCI1230_Final_Project-Qt_6_5_2_for_iOS_Simulator/CMakeFiles/3.24.2/CompilerIdC
    /bin/mkdir -p /Users/wangbing000317/Desktop/cs1230/CSCI1230_Final_Project/build/build-CSCI1230_Final_Project-Qt_6_5_2_for_iOS_Simulator/CMakeFiles/3.24.2/CompilerIdC/CompilerIdC.xctest

WriteAuxiliaryFile /Users/wangbing000317/Desktop/cs1230/CSCI1230_Final_Project/build/build-CSCI1230_Final_Project-Qt_6_5_2_for_iOS_Simulator/CMakeFiles/3.24.2/CompilerIdC/CompilerIdC.build/Debug-iphonesimulator/CompilerIdC.build/all-product-headers.yaml (in target 'CompilerIdC' from project 'CompilerIdC')
    cd /Users/wangbing000317/Desktop/cs1230/CSCI1230_Final_Project/build/build-CSCI1230_Final_Project-Qt_6_5_2_for_iOS_Simulator/CMakeFiles/3.24.2/CompilerIdC
    write-file /Users/wangbing000317/Desktop/cs1230/CSCI1230_Final_Project/build/build-CSCI1230_Final_Project-Qt_6_5_2_for_iOS_Simulator/CMakeFiles/3.24.2/CompilerIdC/CompilerIdC.build/Debug-iphonesimulator/CompilerIdC.build/all-product-headers.yaml

WriteAuxiliaryFile /Users/wangbing000317/Desktop/cs1230/CSCI1230_Final_Project/build/build-CSCI1230_Final_Project-Qt_6_5_2_for_iOS_Simulator/CMakeFiles/3.24.2/CompilerIdC/CompilerIdC.build/Debug-iphonesimulator/CompilerIdC.build/CompilerIdC-generated-files.hmap (in target 'CompilerIdC' from project 'CompilerIdC')
    cd /Users/wangbing000317/Desktop/cs1230/CSCI1230_Final_Project/build/build-CSCI1230_Final_Project-Qt_6_5_2_for_iOS_Simulator/CMakeFiles/3.24.2/CompilerIdC
    write-file /Users/wangbing000317/Desktop/cs1230/CSCI1230_Final_Project/build/build-CSCI1230_Final_Project-Qt_6_5_2_for_iOS_Simulator/CMakeFiles/3.24.2/CompilerIdC/CompilerIdC.build/Debug-iphonesimulator/CompilerIdC.build/CompilerIdC-generated-files.hmap

WriteAuxiliaryFile /Users/wangbing000317/Desktop/cs1230/CSCI1230_Final_Project/build/build-CSCI1230_Final_Project-Qt_6_5_2_for_iOS_Simulator/CMakeFiles/3.24.2/CompilerIdC/CompilerIdC.build/Debug-iphonesimulator/CompilerIdC.build/CompilerIdC-all-non-framework-target-headers.hmap (in target 'CompilerIdC' from project 'CompilerIdC')
    cd /Users/wangbing000317/Desktop/cs1230/CSCI1230_Final_Project/build/build-CSCI1230_Final_Project-Qt_6_5_2_for_iOS_Simulator/CMakeFiles/3.24.2/CompilerIdC
    write-file /Users/wangbing000317/Desktop/cs1230/CSCI1230_Final_Project/build/build-CSCI1230_Final_Project-Qt_6_5_2_for_iOS_Simulator/CMakeFiles/3.24.2/CompilerIdC/CompilerIdC.build/Debug-iphonesimulator/CompilerIdC.build/CompilerIdC-all-non-framework-target-headers.hmap

WriteAuxiliaryFile /Users/wangbing000317/Desktop/cs1230/CSCI1230_Final_Project/build/build-CSCI1230_Final_Project-Qt_6_5_2_for_iOS_Simulator/CMakeFiles/3.24.2/CompilerIdC/CompilerIdC.build/Debug-iphonesimulator/CompilerIdC.build/CompilerIdC-own-target-headers.hmap (in target 'CompilerIdC' from project 'CompilerIdC')
    cd /Users/wangbing000317/Desktop/cs1230/CSCI1230_Final_Project/build/build-CSCI1230_Final_Project-Qt_6_5_2_for_iOS_Simulator/CMakeFiles/3.24.2/CompilerIdC
    write-file /Users/wangbing000317/Desktop/cs1230/CSCI1230_Final_Project/build/build-CSCI1230_Final_Project-Qt_6_5_2_for_iOS_Simulator/CMakeFiles/3.24.2/CompilerIdC/CompilerIdC.build/Debug-iphonesimulator/CompilerIdC.build/CompilerIdC-own-target-headers.hmap

WriteAuxiliaryFile /Users/wangbing000317/Desktop/cs1230/CSCI1230_Final_Project/build/build-CSCI1230_Final_Project-Qt_6_5_2_for_iOS_Simulator/CMakeFiles/3.24.2/CompilerIdC/CompilerIdC.build/Debug-iphonesimulator/CompilerIdC.build/CompilerIdC-project-headers.hmap (in target 'CompilerIdC' from project 'CompilerIdC')
    cd /Users/wangbing000317/Desktop/cs1230/CSCI1230_Final_Project/build/build-CSCI1230_Final_Project-Qt_6_5_2_for_iOS_Simulator/CMakeFiles/3.24.2/CompilerIdC
    write-file /Users/wangbing000317/Desktop/cs1230/CSCI1230_Final_Project/build/build-CSCI1230_Final_Project-Qt_6_5_2_for_iOS_Simulator/CMakeFiles/3.24.2/CompilerIdC/CompilerIdC.build/Debug-iphonesimulator/CompilerIdC.build/CompilerIdC-project-headers.hmap

WriteAuxiliaryFile /Users/wangbing000317/Desktop/cs1230/CSCI1230_Final_Project/build/build-CSCI1230_Final_Project-Qt_6_5_2_for_iOS_Simulator/CMakeFiles/3.24.2/CompilerIdC/CompilerIdC.build/Debug-iphonesimulator/CompilerIdC.build/CompilerIdC-all-target-headers.hmap (in target 'CompilerIdC' from project 'CompilerIdC')
    cd /Users/wangbing000317/Desktop/cs1230/CSCI1230_Final_Project/build/build-CSCI1230_Final_Project-Qt_6_5_2_for_iOS_Simulator/CMakeFiles/3.24.2/CompilerIdC
    write-file /Users/wangbing000317/Desktop/cs1230/CSCI1230_Final_Project/build/build-CSCI1230_Final_Project-Qt_6_5_2_for_iOS_Simulator/CMakeFiles/3.24.2/CompilerIdC/CompilerIdC.build/Debug-iphonesimulator/CompilerIdC.build/CompilerIdC-all-target-headers.hmap

WriteAuxiliaryFile /Users/wangbing000317/Desktop/cs1230/CSCI1230_Final_Project/build/build-CSCI1230_Final_Project-Qt_6_5_2_for_iOS_Simulator/CMakeFiles/3.24.2/CompilerIdC/CompilerIdC.build/Debug-iphonesimulator/CompilerIdC.build/CompilerIdC.hmap (in target 'CompilerIdC' from project 'CompilerIdC')
    cd /Users/wangbing000317/Desktop/cs1230/CSCI1230_Final_Project/build/build-CSCI1230_Final_Project-Qt_6_5_2_for_iOS_Simulator/CMakeFiles/3.24.2/CompilerIdC
    write-file /Users/wangbing000317/Desktop/cs1230/CSCI1230_Final_Project/build/build-CSCI1230_Final_Project-Qt_6_5_2_for_iOS_Simulator/CMakeFiles/3.24.2/CompilerIdC/CompilerIdC.build/Debug-iphonesimulator/CompilerIdC.build/CompilerIdC.hmap

WriteAuxiliaryFile /Users/wangbing000317/Desktop/cs1230/CSCI1230_Final_Project/build/build-CSCI1230_Final_Project-Qt_6_5_2_for_iOS_Simulator/CMakeFiles/3.24.2/CompilerIdC/CompilerIdC.build/Debug-iphonesimulator/CompilerIdC.build/Objects-normal/x86_64/CompilerIdC.LinkFileList (in target 'CompilerIdC' from project 'CompilerIdC')
    cd /Users/wangbing000317/Desktop/cs1230/CSCI1230_Final_Project/build/build-CSCI1230_Final_Project-Qt_6_5_2_for_iOS_Simulator/CMakeFiles/3.24.2/CompilerIdC
    write-file /Users/wangbing000317/Desktop/cs1230/CSCI1230_Final_Project/build/build-CSCI1230_Final_Project-Qt_6_5_2_for_iOS_Simulator/CMakeFiles/3.24.2/CompilerIdC/CompilerIdC.build/Debug-iphonesimulator/CompilerIdC.build/Objects-normal/x86_64/CompilerIdC.LinkFileList

WriteAuxiliaryFile /Users/wangbing000317/Desktop/cs1230/CSCI1230_Final_Project/build/build-CSCI1230_Final_Project-Qt_6_5_2_for_iOS_Simulator/CMakeFiles/3.24.2/CompilerIdC/CompilerIdC.build/Debug-iphonesimulator/CompilerIdC.build/empty-CompilerIdC.plist (in target 'CompilerIdC' from project 'CompilerIdC')
    cd /Users/wangbing000317/Desktop/cs1230/CSCI1230_Final_Project/build/build-CSCI1230_Final_Project-Qt_6_5_2_for_iOS_Simulator/CMakeFiles/3.24.2/CompilerIdC
    write-file /Users/wangbing000317/Desktop/cs1230/CSCI1230_Final_Project/build/build-CSCI1230_Final_Project-Qt_6_5_2_for_iOS_Simulator/CMakeFiles/3.24.2/CompilerIdC/CompilerIdC.build/Debug-iphonesimulator/CompilerIdC.build/empty-CompilerIdC.plist

WriteAuxiliaryFile /Users/wangbing000317/Desktop/cs1230/CSCI1230_Final_Project/build/build-CSCI1230_Final_Project-Qt_6_5_2_for_iOS_Simulator/CMakeFiles/3.24.2/CompilerIdC/CompilerIdC.build/Debug-iphonesimulator/CompilerIdC.build/Objects-normal/arm64/CompilerIdC.LinkFileList (in target 'CompilerIdC' from project 'CompilerIdC')
    cd /Users/wangbing000317/Desktop/cs1230/CSCI1230_Final_Project/build/build-CSCI1230_Final_Project-Qt_6_5_2_for_iOS_Simulator/CMakeFiles/3.24.2/CompilerIdC
    write-file /Users/wangbing000317/Desktop/cs1230/CSCI1230_Final_Project/build/build-CSCI1230_Final_Project-Qt_6_5_2_for_iOS_Simulator/CMakeFiles/3.24.2/CompilerIdC/CompilerIdC.build/Debug-iphonesimulator/CompilerIdC.build/Objects-normal/arm64/CompilerIdC.LinkFileList

ProcessInfoPlistFile /Users/wangbing000317/Desktop/cs1230/CSCI1230_Final_Project/build/build-CSCI1230_Final_Project-Qt_6_5_2_for_iOS_Simulator/CMakeFiles/3.24.2/CompilerIdC/CompilerIdC.xctest/Info.plist /Users/wangbing000317/Desktop/cs1230/CSCI1230_Final_Project/build/build-CSCI1230_Final_Project-Qt_6_5_2_for_iOS_Simulator/CMakeFiles/3.24.2/CompilerIdC/CompilerIdC.build/Debug-iphonesimulator/CompilerIdC.build/empty-CompilerIdC.plist (in target 'CompilerIdC' from project 'CompilerIdC')
    cd /Users/wangbing000317/Desktop/cs1230/CSCI1230_Final_Project/build/build-CSCI1230_Final_Project-Qt_6_5_2_for_iOS_Simulator/CMakeFiles/3.24.2/CompilerIdC
    builtin-infoPlistUtility /Users/wangbing000317/Desktop/cs1230/CSCI1230_Final_Project/build/build-CSCI1230_Final_Project-Qt_6_5_2_for_iOS_Simulator/CMakeFiles/3.24.2/CompilerIdC/CompilerIdC.build/Debug-iphonesimulator/CompilerIdC.build/empty-CompilerIdC.plist -producttype com.apple.product-type.bundle.unit-test -expandbuildsettings -format binary -platform iphonesimulator -o /Users/wangbing000317/Desktop/cs1230/CSCI1230_Final_Project/build/build-CSCI1230_Final_Project-Qt_6_5_2_for_iOS_Simulator/CMakeFiles/3.24.2/CompilerIdC/CompilerIdC.xctest/Info.plist

CompileC /Users/wangbing000317/Desktop/cs1230/CSCI1230_Final_Project/build/build-CSCI1230_Final_Project-Qt_6_5_2_for_iOS_Simulator/CMakeFiles/3.24.2/CompilerIdC/CompilerIdC.build/Debug-iphonesimulator/CompilerIdC.build/Objects-normal/arm64/CMakeCCompilerId.o /Users/wangbing000317/Desktop/cs1230/CSCI1230_Final_Project/build/build-CSCI1230_Final_Project-Qt_6_5_2_for_iOS_Simulator/CMakeFiles/3.24.2/CompilerIdC/CMakeCCompilerId.c normal arm64 c com.apple.compilers.llvm.clang.1_0.compiler (in target 'CompilerIdC' from project 'CompilerIdC')
    cd /Users/wangbing000317/Desktop/cs1230/CSCI1230_Final_Project/build/build-CSCI1230_Final_Project-Qt_6_5_2_for_iOS_Simulator/CMakeFiles/3.24.2/CompilerIdC
    /Applications/Xcode.app/Contents/Developer/Toolchains/XcodeDefault.xctoolchain/usr/bin/clang -x c -ivfsstatcache /var/folders/wl/ppqzxgj14p746r287xf9xggm0000gp/C/com.apple.DeveloperTools/15.0.1-15A507/Xcode/SDKStatCaches.noindex/iphonesimulator17.0-21A326-9f995cea1212cde75317d7d3cd2045e2.sdkstatcache -target arm64-apple-ios17.0-simulator -fmessage-length\=0 -fdiagnostics-show-note-include-stack -fmacro-backtrace-limit\=0 -fno-color-diagnostics -Wno-trigraphs -fpascal-strings -Os -Wno-missing-field-initializers -Wno-missing-prototypes -Wno-return-type -Wno-missing-braces -Wparentheses -Wswitch -Wno-unused-function -Wno-unused-label -Wno-unused-parameter -Wno-unused-variable -Wunused-value -Wno-empty-body -Wno-uninitialized -Wno-unknown-pragmas -Wno-shadow -Wno-four-char-constants -Wno-conversion -Wno-constant-conversion -Wno-int-conversion -Wno-bool-conversion -Wno-enum-conversion -Wno-float-conversion -Wno-non-literal-null-conversion -Wno-objc-literal-conversion -Wshorten-64-to-32 -Wpointer-sign -Wno-newline-eof -Wno-implicit-fallthrough -isysroot /Applications/Xcode.app/Contents/Developer/Platforms/iPhoneSimulator.platform/Developer/SDKs/iPhoneSimulator17.0.sdk -fstrict-aliasing -Wdeprecated-declarations -g -Wno-sign-conversion -Wno-infinite-recursion -Wno-comma -Wno-block-capture-autoreleasing -Wno-strict-prototypes -Wno-semicolon-before-method-body -iquote /Users/wangbing000317/Desktop/cs1230/CSCI1230_Final_Project/build/build-CSCI1230_Final_Project-Qt_6_5_2_for_iOS_Simulator/CMakeFiles/3.24.2/CompilerIdC/CompilerIdC.build/Debug-iphonesimulator/CompilerIdC.build/CompilerIdC-generated-files.hmap -I/Users/wangbing000317/Desktop/cs1230/CSCI1230_Final_Project/build/build-CSCI1230_Final_Project-Qt_6_5_2_for_iOS_Simulator/CMakeFiles/3.24.2/CompilerIdC/CompilerIdC.build/Debug-iphonesimulator/CompilerIdC.build/CompilerIdC-own-target-headers.hmap -I/Users/wangbing000317/Desktop/cs1230/CSCI1230_Final_Project/build/build-CSCI1230_Final_Project-Qt_6_5_2_for_iOS_Simulator/CMakeFiles/3.24.2/CompilerIdC/CompilerIdC.build/Debug-iphonesimulator/CompilerIdC.build/CompilerIdC-all-target-headers.hmap -iquote /Users/wangbing000317/Desktop/cs1230/CSCI1230_Final_Project/build/build-CSCI1230_Final_Project-Qt_6_5_2_for_iOS_Simulator/CMakeFiles/3.24.2/CompilerIdC/CompilerIdC.build/Debug-iphonesimulator/CompilerIdC.build/CompilerIdC-project-headers.hmap -I/Users/wangbing000317/Desktop/cs1230/CSCI1230_Final_Project/build/build-CSCI1230_Final_Project-Qt_6_5_2_for_iOS_Simulator/CMakeFiles/3.24.2/CompilerIdC/include -I/Users/wangbing000317/Desktop/cs1230/CSCI1230_Final_Project/build/build-CSCI1230_Final_Project-Qt_6_5_2_for_iOS_Simulator/CMakeFiles/3.24.2/CompilerIdC/CompilerIdC.build/Debug-iphonesimulator/CompilerIdC.build/DerivedSources-normal/arm64 -I/Users/wangbing000317/Desktop/cs1230/CSCI1230_Final_Project/build/build-CSCI1230_Final_Project-Qt_6_5_2_for_iOS_Simulator/CMakeFiles/3.24.2/CompilerIdC/CompilerIdC.build/Debug-iphonesimulator/CompilerIdC.build/DerivedSources/arm64 -I/Users/wangbing000317/Desktop/cs1230/CSCI1230_Final_Project/build/build-CSCI1230_Final_Project-Qt_6_5_2_for_iOS_Simulator/CMakeFiles/3.24.2/CompilerIdC/CompilerIdC.build/Debug-iphonesimulator/CompilerIdC.build/DerivedSources -F/Users/wangbing000317/Desktop/cs1230/CSCI1230_Final_Project/build/build-CSCI1230_Final_Project-Qt_6_5_2_for_iOS_Simulator/CMakeFiles/3.24.2/CompilerIdC -iframework /Applications/Xcode.app/Contents/Developer/Platforms/iPhoneSimulator.platform/Developer/Library/Frameworks -iframework /Applications/Xcode.app/Contents/Developer/Platforms/iPhoneSimulator.platform/Developer/SDKs/iPhoneSimulator17.0.sdk/Developer/Library/Frameworks -MMD -MT dependencies -MF /Users/wangbing000317/Desktop/cs1230/CSCI1230_Final_Project/build/build-CSCI1230_Final_Project-Qt_6_5_2_for_iOS_Simulator/CMakeFiles/3.24.2/CompilerIdC/CompilerIdC.build/Debug-iphonesimulator/CompilerIdC.build/Objects-normal/arm64/CMakeCCompilerId.d --serialize-diagnostics /Users/wangbing000317/Desktop/cs1230/CSCI1230_Final_Project/build/build-CSCI1230_Final_Project-Qt_6_5_2_for_iOS_Simulator/CMakeFiles/3.24.2/CompilerIdC/CompilerIdC.build/Debug-iphonesimulator/CompilerIdC.build/Objects-normal/arm64/CMakeCCompilerId.dia -c /Users/wangbing000317/Desktop/cs1230/CSCI1230_Final_Project/build/build-CSCI1230_Final_Project-Qt_6_5_2_for_iOS_Simulator/CMakeFiles/3.24.2/CompilerIdC/CMakeCCompilerId.c -o /Users/wangbing000317/Desktop/cs1230/CSCI1230_Final_Project/build/build-CSCI1230_Final_Project-Qt_6_5_2_for_iOS_Simulator/CMakeFiles/3.24.2/CompilerIdC/CompilerIdC.build/Debug-iphonesimulator/CompilerIdC.build/Objects-normal/arm64/CMakeCCompilerId.o

CompileC /Users/wangbing000317/Desktop/cs1230/CSCI1230_Final_Project/build/build-CSCI1230_Final_Project-Qt_6_5_2_for_iOS_Simulator/CMakeFiles/3.24.2/CompilerIdC/CompilerIdC.build/Debug-iphonesimulator/CompilerIdC.build/Objects-normal/x86_64/CMakeCCompilerId.o /Users/wangbing000317/Desktop/cs1230/CSCI1230_Final_Project/build/build-CSCI1230_Final_Project-Qt_6_5_2_for_iOS_Simulator/CMakeFiles/3.24.2/CompilerIdC/CMakeCCompilerId.c normal x86_64 c com.apple.compilers.llvm.clang.1_0.compiler (in target 'CompilerIdC' from project 'CompilerIdC')
    cd /Users/wangbing000317/Desktop/cs1230/CSCI1230_Final_Project/build/build-CSCI1230_Final_Project-Qt_6_5_2_for_iOS_Simulator/CMakeFiles/3.24.2/CompilerIdC
    /Applications/Xcode.app/Contents/Developer/Toolchains/XcodeDefault.xctoolchain/usr/bin/clang -x c -ivfsstatcache /var/folders/wl/ppqzxgj14p746r287xf9xggm0000gp/C/com.apple.DeveloperTools/15.0.1-15A507/Xcode/SDKStatCaches.noindex/iphonesimulator17.0-21A326-9f995cea1212cde75317d7d3cd2045e2.sdkstatcache -target x86_64-apple-ios17.0-simulator -fmessage-length\=0 -fdiagnostics-show-note-include-stack -fmacro-backtrace-limit\=0 -fno-color-diagnostics -Wno-trigraphs -fpascal-strings -Os -Wno-missing-field-initializers -Wno-missing-prototypes -Wno-return-type -Wno-missing-braces -Wparentheses -Wswitch -Wno-unused-function -Wno-unused-label -Wno-unused-parameter -Wno-unused-variable -Wunused-value -Wno-empty-body -Wno-uninitialized -Wno-unknown-pragmas -Wno-shadow -Wno-four-char-constants -Wno-conversion -Wno-constant-conversion -Wno-int-conversion -Wno-bool-conversion -Wno-enum-conversion -Wno-float-conversion -Wno-non-literal-null-conversion -Wno-objc-literal-conversion -Wshorten-64-to-32 -Wpointer-sign -Wno-newline-eof -Wno-implicit-fallthrough -isysroot /Applications/Xcode.app/Contents/Developer/Platforms/iPhoneSimulator.platform/Developer/SDKs/iPhoneSimulator17.0.sdk -fasm-blocks -fstrict-aliasing -Wdeprecated-declarations -g -Wno-sign-conversion -Wno-infinite-recursion -Wno-comma -Wno-block-capture-autoreleasing -Wno-strict-prototypes -Wno-semicolon-before-method-body -iquote /Users/wangbing000317/Desktop/cs1230/CSCI1230_Final_Project/build/build-CSCI1230_Final_Project-Qt_6_5_2_for_iOS_Simulator/CMakeFiles/3.24.2/CompilerIdC/CompilerIdC.build/Debug-iphonesimulator/CompilerIdC.build/CompilerIdC-generated-files.hmap -I/Users/wangbing000317/Desktop/cs1230/CSCI1230_Final_Project/build/build-CSCI1230_Final_Project-Qt_6_5_2_for_iOS_Simulator/CMakeFiles/3.24.2/CompilerIdC/CompilerIdC.build/Debug-iphonesimulator/CompilerIdC.build/CompilerIdC-own-target-headers.hmap -I/Users/wangbing000317/Desktop/cs1230/CSCI1230_Final_Project/build/build-CSCI1230_Final_Project-Qt_6_5_2_for_iOS_Simulator/CMakeFiles/3.24.2/CompilerIdC/CompilerIdC.build/Debug-iphonesimulator/CompilerIdC.build/CompilerIdC-all-target-headers.hmap -iquote /Users/wangbing000317/Desktop/cs1230/CSCI1230_Final_Project/build/build-CSCI1230_Final_Project-Qt_6_5_2_for_iOS_Simulator/CMakeFiles/3.24.2/CompilerIdC/CompilerIdC.build/Debug-iphonesimulator/CompilerIdC.build/CompilerIdC-project-headers.hmap -I/Users/wangbing000317/Desktop/cs1230/CSCI1230_Final_Project/build/build-CSCI1230_Final_Project-Qt_6_5_2_for_iOS_Simulator/CMakeFiles/3.24.2/CompilerIdC/include -I/Users/wangbing000317/Desktop/cs1230/CSCI1230_Final_Project/build/build-CSCI1230_Final_Project-Qt_6_5_2_for_iOS_Simulator/CMakeFiles/3.24.2/CompilerIdC/CompilerIdC.build/Debug-iphonesimulator/CompilerIdC.build/DerivedSources-normal/x86_64 -I/Users/wangbing000317/Desktop/cs1230/CSCI1230_Final_Project/build/build-CSCI1230_Final_Project-Qt_6_5_2_for_iOS_Simulator/CMakeFiles/3.24.2/CompilerIdC/CompilerIdC.build/Debug-iphonesimulator/CompilerIdC.build/DerivedSources/x86_64 -I/Users/wangbing000317/Desktop/cs1230/CSCI1230_Final_Project/build/build-CSCI1230_Final_Project-Qt_6_5_2_for_iOS_Simulator/CMakeFiles/3.24.2/CompilerIdC/CompilerIdC.build/Debug-iphonesimulator/CompilerIdC.build/DerivedSources -F/Users/wangbing000317/Desktop/cs1230/CSCI1230_Final_Project/build/build-CSCI1230_Final_Project-Qt_6_5_2_for_iOS_Simulator/CMakeFiles/3.24.2/CompilerIdC -iframework /Applications/Xcode.app/Contents/Developer/Platforms/iPhoneSimulator.platform/Developer/Library/Frameworks -iframework /Applications/Xcode.app/Contents/Developer/Platforms/iPhoneSimulator.platform/Developer/SDKs/iPhoneSimulator17.0.sdk/Developer/Library/Frameworks -MMD -MT dependencies -MF /Users/wangbing000317/Desktop/cs1230/CSCI1230_Final_Project/build/build-CSCI1230_Final_Project-Qt_6_5_2_for_iOS_Simulator/CMakeFiles/3.24.2/CompilerIdC/CompilerIdC.build/Debug-iphonesimulator/CompilerIdC.build/Objects-normal/x86_64/CMakeCCompilerId.d --serialize-diagnostics /Users/wangbing000317/Desktop/cs1230/CSCI1230_Final_Project/build/build-CSCI1230_Final_Project-Qt_6_5_2_for_iOS_Simulator/CMakeFiles/3.24.2/CompilerIdC/CompilerIdC.build/Debug-iphonesimulator/CompilerIdC.build/Objects-normal/x86_64/CMakeCCompilerId.dia -c /Users/wangbing000317/Desktop/cs1230/CSCI1230_Final_Project/build/build-CSCI1230_Final_Project-Qt_6_5_2_for_iOS_Simulator/CMakeFiles/3.24.2/CompilerIdC/CMakeCCompilerId.c -o /Users/wangbing000317/Desktop/cs1230/CSCI1230_Final_Project/build/build-CSCI1230_Final_Project-Qt_6_5_2_for_iOS_Simulator/CMakeFiles/3.24.2/CompilerIdC/CompilerIdC.build/Debug-iphonesimulator/CompilerIdC.build/Objects-normal/x86_64/CMakeCCompilerId.o

Ld /Users/wangbing000317/Desktop/cs1230/CSCI1230_Final_Project/build/build-CSCI1230_Final_Project-Qt_6_5_2_for_iOS_Simulator/CMakeFiles/3.24.2/CompilerIdC/CompilerIdC.build/Debug-iphonesimulator/CompilerIdC.build/Objects-normal/x86_64/Binary/CompilerIdC normal x86_64 (in target 'CompilerIdC' from project 'CompilerIdC')
    cd /Users/wangbing000317/Desktop/cs1230/CSCI1230_Final_Project/build/build-CSCI1230_Final_Project-Qt_6_5_2_for_iOS_Simulator/CMakeFiles/3.24.2/CompilerIdC
    /Applications/Xcode.app/Contents/Developer/Toolchains/XcodeDefault.xctoolchain/usr/bin/clang -Xlinker -reproducible -target x86_64-apple-ios17.0-simulator -bundle -isysroot /Applications/Xcode.app/Contents/Developer/Platforms/iPhoneSimulator.platform/Developer/SDKs/iPhoneSimulator17.0.sdk -Os -L/Users/wangbing000317/Desktop/cs1230/CSCI1230_Final_Project/build/build-CSCI1230_Final_Project-Qt_6_5_2_for_iOS_Simulator/CMakeFiles/3.24.2/CompilerIdC/EagerLinkingTBDs/Debug-iphonesimulator -L/Users/wangbing000317/Desktop/cs1230/CSCI1230_Final_Project/build/build-CSCI1230_Final_Project-Qt_6_5_2_for_iOS_Simulator/CMakeFiles/3.24.2/CompilerIdC -L/Applications/Xcode.app/Contents/Developer/Platforms/iPhoneSimulator.platform/Developer/usr/lib -F/Users/wangbing000317/Desktop/cs1230/CSCI1230_Final_Project/build/build-CSCI1230_Final_Project-Qt_6_5_2_for_iOS_Simulator/CMakeFiles/3.24.2/CompilerIdC/EagerLinkingTBDs/Debug-iphonesimulator -F/Users/wangbing000317/Desktop/cs1230/CSCI1230_Final_Project/build/build-CSCI1230_Final_Project-Qt_6_5_2_for_iOS_Simulator/CMakeFiles/3.24.2/CompilerIdC -iframework /Applications/Xcode.app/Contents/Developer/Platforms/iPhoneSimulator.platform/Developer/Library/Frameworks -iframework /Applications/Xcode.app/Contents/Developer/Platforms/iPhoneSimulator.platform/Developer/SDKs/iPhoneSimulator17.0.sdk/Developer/Library/Frameworks -filelist /Users/wangbing000317/Desktop/cs1230/CSCI1230_Final_Project/build/build-CSCI1230_Final_Project-Qt_6_5_2_for_iOS_Simulator/CMakeFiles/3.24.2/CompilerIdC/CompilerIdC.build/Debug-iphonesimulator/CompilerIdC.build/Objects-normal/x86_64/CompilerIdC.LinkFileList -Xlinker -rpath -Xlinker @loader_path/Frameworks -dead_strip -Xlinker -object_path_lto -Xlinker /Users/wangbing000317/Desktop/cs1230/CSCI1230_Final_Project/build/build-CSCI1230_Final_Project-Qt_6_5_2_for_iOS_Simulator/CMakeFiles/3.24.2/CompilerIdC/CompilerIdC.build/Debug-iphonesimulator/CompilerIdC.build/Objects-normal/x86_64/CompilerIdC_lto.o -Xlinker -objc_abi_version -Xlinker 2 -framework XCTest -Xlinker -no_adhoc_codesign -Xlinker -dependency_info -Xlinker /Users/wangbing000317/Desktop/cs1230/CSCI1230_Final_Project/build/build-CSCI1230_Final_Project-Qt_6_5_2_for_iOS_Simulator/CMakeFiles/3.24.2/CompilerIdC/CompilerIdC.build/Debug-iphonesimulator/CompilerIdC.build/Objects-normal/x86_64/CompilerIdC_dependency_info.dat -o /Users/wangbing000317/Desktop/cs1230/CSCI1230_Final_Project/build/build-CSCI1230_Final_Project-Qt_6_5_2_for_iOS_Simulator/CMakeFiles/3.24.2/CompilerIdC/CompilerIdC.build/Debug-iphonesimulator/CompilerIdC.build/Objects-normal/x86_64/Binary/CompilerIdC

Ld /Users/wangbing000317/Desktop/cs1230/CSCI1230_Final_Project/build/build-CSCI1230_Final_Project-Qt_6_5_2_for_iOS_Simulator/CMakeFiles/3.24.2/CompilerIdC/CompilerIdC.build/Debug-iphonesimulator/CompilerIdC.build/Objects-normal/arm64/Binary/CompilerIdC normal arm64 (in target 'CompilerIdC' from project 'CompilerIdC')
    cd /Users/wangbing000317/Desktop/cs1230/CSCI1230_Final_Project/build/build-CSCI1230_Final_Project-Qt_6_5_2_for_iOS_Simulator/CMakeFiles/3.24.2/CompilerIdC
    /Applications/Xcode.app/Contents/Developer/Toolchains/XcodeDefault.xctoolchain/usr/bin/clang -Xlinker -reproducible -target arm64-apple-ios17.0-simulator -bundle -isysroot /Applications/Xcode.app/Contents/Developer/Platforms/iPhoneSimulator.platform/Developer/SDKs/iPhoneSimulator17.0.sdk -Os -L/Users/wangbing000317/Desktop/cs1230/CSCI1230_Final_Project/build/build-CSCI1230_Final_Project-Qt_6_5_2_for_iOS_Simulator/CMakeFiles/3.24.2/CompilerIdC/EagerLinkingTBDs/Debug-iphonesimulator -L/Users/wangbing000317/Desktop/cs1230/CSCI1230_Final_Project/build/build-CSCI1230_Final_Project-Qt_6_5_2_for_iOS_Simulator/CMakeFiles/3.24.2/CompilerIdC -L/Applications/Xcode.app/Contents/Developer/Platforms/iPhoneSimulator.platform/Developer/usr/lib -F/Users/wangbing000317/Desktop/cs1230/CSCI1230_Final_Project/build/build-CSCI1230_Final_Project-Qt_6_5_2_for_iOS_Simulator/CMakeFiles/3.24.2/CompilerIdC/EagerLinkingTBDs/Debug-iphonesimulator -F/Users/wangbing000317/Desktop/cs1230/CSCI1230_Final_Project/build/build-CSCI1230_Final_Project-Qt_6_5_2_for_iOS_Simulator/CMakeFiles/3.24.2/CompilerIdC -iframework /Applications/Xcode.app/Contents/Developer/Platforms/iPhoneSimulator.platform/Developer/Library/Frameworks -iframework /Applications/Xcode.app/Contents/Developer/Platforms/iPhoneSimulator.platform/Developer/SDKs/iPhoneSimulator17.0.sdk/Developer/Library/Frameworks -filelist /Users/wangbing000317/Desktop/cs1230/CSCI1230_Final_Project/build/build-CSCI1230_Final_Project-Qt_6_5_2_for_iOS_Simulator/CMakeFiles/3.24.2/CompilerIdC/CompilerIdC.build/Debug-iphonesimulator/CompilerIdC.build/Objects-normal/arm64/CompilerIdC.LinkFileList -Xlinker -rpath -Xlinker @loader_path/Frameworks -dead_strip -Xlinker -object_path_lto -Xlinker /Users/wangbing000317/Desktop/cs1230/CSCI1230_Final_Project/build/build-CSCI1230_Final_Project-Qt_6_5_2_for_iOS_Simulator/CMakeFiles/3.24.2/CompilerIdC/CompilerIdC.build/Debug-iphonesimulator/CompilerIdC.build/Objects-normal/arm64/CompilerIdC_lto.o -Xlinker -objc_abi_version -Xlinker 2 -framework XCTest -Xlinker -no_adhoc_codesign -Xlinker -dependency_info -Xlinker /Users/wangbing000317/Desktop/cs1230/CSCI1230_Final_Project/build/build-CSCI1230_Final_Project-Qt_6_5_2_for_iOS_Simulator/CMakeFiles/3.24.2/CompilerIdC/CompilerIdC.build/Debug-iphonesimulator/CompilerIdC.build/Objects-normal/arm64/CompilerIdC_dependency_info.dat -o /Users/wangbing000317/Desktop/cs1230/CSCI1230_Final_Project/build/build-CSCI1230_Final_Project-Qt_6_5_2_for_iOS_Simulator/CMakeFiles/3.24.2/CompilerIdC/CompilerIdC.build/Debug-iphonesimulator/CompilerIdC.build/Objects-normal/arm64/Binary/CompilerIdC

CreateUniversalBinary /Users/wangbing000317/Desktop/cs1230/CSCI1230_Final_Project/build/build-CSCI1230_Final_Project-Qt_6_5_2_for_iOS_Simulator/CMakeFiles/3.24.2/CompilerIdC/CompilerIdC.xctest/CompilerIdC normal arm64\ x86_64 (in target 'CompilerIdC' from project 'CompilerIdC')
    cd /Users/wangbing000317/Desktop/cs1230/CSCI1230_Final_Project/build/build-CSCI1230_Final_Project-Qt_6_5_2_for_iOS_Simulator/CMakeFiles/3.24.2/CompilerIdC
    /Applications/Xcode.app/Contents/Developer/Toolchains/XcodeDefault.xctoolchain/usr/bin/lipo -create /Users/wangbing000317/Desktop/cs1230/CSCI1230_Final_Project/build/build-CSCI1230_Final_Project-Qt_6_5_2_for_iOS_Simulator/CMakeFiles/3.24.2/CompilerIdC/CompilerIdC.build/Debug-iphonesimulator/CompilerIdC.build/Objects-normal/arm64/Binary/CompilerIdC /Users/wangbing000317/Desktop/cs1230/CSCI1230_Final_Project/build/build-CSCI1230_Final_Project-Qt_6_5_2_for_iOS_Simulator/CMakeFiles/3.24.2/CompilerIdC/CompilerIdC.build/Debug-iphonesimulator/CompilerIdC.build/Objects-normal/x86_64/Binary/CompilerIdC -output /Users/wangbing000317/Desktop/cs1230/CSCI1230_Final_Project/build/build-CSCI1230_Final_Project-Qt_6_5_2_for_iOS_Simulator/CMakeFiles/3.24.2/CompilerIdC/CompilerIdC.xctest/CompilerIdC

WriteAuxiliaryFile /Users/wangbing000317/Desktop/cs1230/CSCI1230_Final_Project/build/build-CSCI1230_Final_Project-Qt_6_5_2_for_iOS_Simulator/CMakeFiles/3.24.2/CompilerIdC/CompilerIdC.build/Debug-iphonesimulator/CompilerIdC.build/Script-2C8FEB8E15DC1A1A00E56A5D.sh (in target 'CompilerIdC' from project 'CompilerIdC')
    cd /Users/wangbing000317/Desktop/cs1230/CSCI1230_Final_Project/build/build-CSCI1230_Final_Project-Qt_6_5_2_for_iOS_Simulator/CMakeFiles/3.24.2/CompilerIdC
    write-file /Users/wangbing000317/Desktop/cs1230/CSCI1230_Final_Project/build/build-CSCI1230_Final_Project-Qt_6_5_2_for_iOS_Simulator/CMakeFiles/3.24.2/CompilerIdC/CompilerIdC.build/Debug-iphonesimulator/CompilerIdC.build/Script-2C8FEB8E15DC1A1A00E56A5D.sh

GenerateDSYMFile /Users/wangbing000317/Desktop/cs1230/CSCI1230_Final_Project/build/build-CSCI1230_Final_Project-Qt_6_5_2_for_iOS_Simulator/CMakeFiles/3.24.2/CompilerIdC/CompilerIdC.xctest.dSYM /Users/wangbing000317/Desktop/cs1230/CSCI1230_Final_Project/build/build-CSCI1230_Final_Project-Qt_6_5_2_for_iOS_Simulator/CMakeFiles/3.24.2/CompilerIdC/CompilerIdC.xctest/CompilerIdC (in target 'CompilerIdC' from project 'CompilerIdC')
    cd /Users/wangbing000317/Desktop/cs1230/CSCI1230_Final_Project/build/build-CSCI1230_Final_Project-Qt_6_5_2_for_iOS_Simulator/CMakeFiles/3.24.2/CompilerIdC
    /Applications/Xcode.app/Contents/Developer/Toolchains/XcodeDefault.xctoolchain/usr/bin/dsymutil /Users/wangbing000317/Desktop/cs1230/CSCI1230_Final_Project/build/build-CSCI1230_Final_Project-Qt_6_5_2_for_iOS_Simulator/CMakeFiles/3.24.2/CompilerIdC/CompilerIdC.xctest/CompilerIdC -o /Users/wangbing000317/Desktop/cs1230/CSCI1230_Final_Project/build/build-CSCI1230_Final_Project-Qt_6_5_2_for_iOS_Simulator/CMakeFiles/3.24.2/CompilerIdC/CompilerIdC.xctest.dSYM

PhaseScriptExecution Run\ Script /Users/wangbing000317/Desktop/cs1230/CSCI1230_Final_Project/build/build-CSCI1230_Final_Project-Qt_6_5_2_for_iOS_Simulator/CMakeFiles/3.24.2/CompilerIdC/CompilerIdC.build/Debug-iphonesimulator/CompilerIdC.build/Script-2C8FEB8E15DC1A1A00E56A5D.sh (in target 'CompilerIdC' from project 'CompilerIdC')
    cd /Users/wangbing000317/Desktop/cs1230/CSCI1230_Final_Project/build/build-CSCI1230_Final_Project-Qt_6_5_2_for_iOS_Simulator/CMakeFiles/3.24.2/CompilerIdC
    /bin/sh -c /Users/wangbing000317/Desktop/cs1230/CSCI1230_Final_Project/build/build-CSCI1230_Final_Project-Qt_6_5_2_for_iOS_Simulator/CMakeFiles/3.24.2/CompilerIdC/CompilerIdC.build/Debug-iphonesimulator/CompilerIdC.build/Script-2C8FEB8E15DC1A1A00E56A5D.sh
GCC_VERSION=com.apple.compilers.llvm.clang.1_0
ARCHS=arm64 x86_64

CodeSign /Users/wangbing000317/Desktop/cs1230/CSCI1230_Final_Project/build/build-CSCI1230_Final_Project-Qt_6_5_2_for_iOS_Simulator/CMakeFiles/3.24.2/CompilerIdC/CompilerIdC.xctest (in target 'CompilerIdC' from project 'CompilerIdC')
    cd /Users/wangbing000317/Desktop/cs1230/CSCI1230_Final_Project/build/build-CSCI1230_Final_Project-Qt_6_5_2_for_iOS_Simulator/CMakeFiles/3.24.2/CompilerIdC
    
    Signing Identity:     "-"
    
    /usr/bin/codesign --force --sign - --timestamp\=none --generate-entitlement-der /Users/wangbing000317/Desktop/cs1230/CSCI1230_Final_Project/build/build-CSCI1230_Final_Project-Qt_6_5_2_for_iOS_Simulator/CMakeFiles/3.24.2/CompilerIdC/CompilerIdC.xctest

RegisterExecutionPolicyException /Users/wangbing000317/Desktop/cs1230/CSCI1230_Final_Project/build/build-CSCI1230_Final_Project-Qt_6_5_2_for_iOS_Simulator/CMakeFiles/3.24.2/CompilerIdC/CompilerIdC.xctest (in target 'CompilerIdC' from project 'CompilerIdC')
    cd /Users/wangbing000317/Desktop/cs1230/CSCI1230_Final_Project/build/build-CSCI1230_Final_Project-Qt_6_5_2_for_iOS_Simulator/CMakeFiles/3.24.2/CompilerIdC
    builtin-RegisterExecutionPolicyException /Users/wangbing000317/Desktop/cs1230/CSCI1230_Final_Project/build/build-CSCI1230_Final_Project-Qt_6_5_2_for_iOS_Simulator/CMakeFiles/3.24.2/CompilerIdC/CompilerIdC.xctest

Touch /Users/wangbing000317/Desktop/cs1230/CSCI1230_Final_Project/build/build-CSCI1230_Final_Project-Qt_6_5_2_for_iOS_Simulator/CMakeFiles/3.24.2/CompilerIdC/CompilerIdC.xctest (in target 'CompilerIdC' from project 'CompilerIdC')
    cd /Users/wangbing000317/Desktop/cs1230/CSCI1230_Final_Project/build/build-CSCI1230_Final_Project-Qt_6_5_2_for_iOS_Simulator/CMakeFiles/3.24.2/CompilerIdC
    /usr/bin/touch -c /Users/wangbing000317/Desktop/cs1230/CSCI1230_Final_Project/build/build-CSCI1230_Final_Project-Qt_6_5_2_for_iOS_Simulator/CMakeFiles/3.24.2/CompilerIdC/CompilerIdC.xctest

warning: ONLY_ACTIVE_ARCH=YES requested with multiple ARCHS and no active architecture could be computed; building for all applicable architectures (in target 'CompilerIdC' from project 'CompilerIdC')
warning: Traditional headermap style is no longer supported; please migrate to using separate headermaps and set 'ALWAYS_SEARCH_USER_PATHS' to NO. (in target 'CompilerIdC' from project 'CompilerIdC')
note: Run script build phase 'Run Script' will be run during every build because the option to run the script phase "Based on dependency analysis" is unchecked. (in target 'CompilerIdC' from project 'CompilerIdC')
** BUILD SUCCEEDED **



Compilation of the C compiler identification source "CMakeCCompilerId.c" produced "CompilerIdC.xctest/CompilerIdC"

Compilation of the C compiler identification source "CMakeCCompilerId.c" produced "CompilerIdC.xctest/Info.plist"

The C compiler identification is AppleClang, found in "/Users/wangbing000317/Desktop/cs1230/CSCI1230_Final_Project/build/build-CSCI1230_Final_Project-Qt_6_5_2_for_iOS_Simulator/CMakeFiles/3.24.2/CompilerIdC/CompilerIdC.xctest/CompilerIdC"

